[INFO] Scanning for projects...
[INFO] 
[INFO] ----------------------< org.example:api-gateway >-----------------------
[INFO] Building api-gateway 0.0.1-SNAPSHOT
[INFO]   from pom.xml
[INFO] --------------------------------[ jar ]---------------------------------
[INFO] 
[INFO] >>> spring-boot:3.2.5:run (default-cli) > test-compile @ api-gateway >>>
[INFO] 
[INFO] --- resources:3.3.1:resources (default-resources) @ api-gateway ---
[INFO] Copying 1 resource from src\main\resources to target\classes
[INFO] Copying 0 resource from src\main\resources to target\classes
[INFO] 
[INFO] --- compiler:3.11.0:compile (default-compile) @ api-gateway ---
[INFO] Changes detected - recompiling the module! :source
[INFO] Compiling 2 source files with javac [debug release 17] to target\classes
[INFO] 
[INFO] --- resources:3.3.1:testResources (default-testResources) @ api-gateway ---
[INFO] skip non existing resourceDirectory C:\Users\chife\IdeaProjects\PIdev\PIdev\backend\Api-Gateway\src\test\resources
[INFO] 
[INFO] --- compiler:3.11.0:testCompile (default-testCompile) @ api-gateway ---
[INFO] Changes detected - recompiling the module! :dependency
[INFO] Compiling 1 source file with javac [debug release 17] to target\test-classes
[INFO] 
[INFO] <<< spring-boot:3.2.5:run (default-cli) < test-compile @ api-gateway <<<
[INFO] 
[INFO] 
[INFO] --- spring-boot:3.2.5:run (default-cli) @ api-gateway ---
[INFO] Attaching agents: []

  .   ____          _            __ _ _
 /\\ / ___'_ __ _ _(_)_ __  __ _ \ \ \ \
( ( )\___ | '_ | '_| | '_ \/ _` | \ \ \ \
 \\/  ___)| |_)| | | | | || (_| |  ) ) ) )
  '  |____| .__|_| |_|_| |_\__, | / / / /
 =========|_|==============|___/=/_/_/_/
 :: Spring Boot ::                (v3.2.5)

2026-02-22T14:56:27.132+01:00  INFO 2848 --- [Api-Gateway] [           main] o.e.apigateway.ApiGatewayApplication     : Starting ApiGatewayApplication using Java 17.0.18 with PID 2848 (C:\Users\chife\IdeaProjects\PIdev\PIdev\backend\Api-Gateway\target\classes started by chife in C:\Users\chife\IdeaProjects\PIdev\PIdev\backend\Api-Gateway)
2026-02-22T14:56:27.133+01:00  INFO 2848 --- [Api-Gateway] [           main] o.e.apigateway.ApiGatewayApplication     : No active profile set, falling back to 1 default profile: "default"
2026-02-22T14:56:29.033+01:00  INFO 2848 --- [Api-Gateway] [           main] o.s.cloud.context.scope.GenericScope     : BeanFactory id=aa707265-8bdc-3675-9ce5-e5f33efad735
2026-02-22T14:56:29.397+01:00  WARN 2848 --- [Api-Gateway] [           main] trationDelegate$BeanPostProcessorChecker : Bean 'org.springframework.cloud.client.loadbalancer.LoadBalancerAutoConfiguration$DeferringLoadBalancerInterceptorConfig' of type [org.springframework.cloud.client.loadbalancer.LoadBalancerAutoConfiguration$DeferringLoadBalancerInterceptorConfig] is not eligible for getting processed by all BeanPostProcessors (for example: not eligible for auto-proxying). The currently created BeanPostProcessor [lbRestClientPostProcessor] is declared through a non-static factory method on that class; consider declaring it as static instead.
2026-02-22T14:56:29.405+01:00  WARN 2848 --- [Api-Gateway] [           main] trationDelegate$BeanPostProcessorChecker : Bean 'deferringLoadBalancerInterceptor' of type [org.springframework.cloud.client.loadbalancer.DeferringLoadBalancerInterceptor] is not eligible for getting processed by all BeanPostProcessors (for example: not eligible for auto-proxying). Is this bean getting eagerly injected into a currently created BeanPostProcessor [lbRestClientPostProcessor]? Check the corresponding BeanPostProcessor declaration and its dependencies.
2026-02-22T14:56:29.413+01:00  WARN 2848 --- [Api-Gateway] [           main] trationDelegate$BeanPostProcessorChecker : Bean 'org.springframework.cloud.client.loadbalancer.reactive.LoadBalancerBeanPostProcessorAutoConfiguration' of type [org.springframework.cloud.client.loadbalancer.reactive.LoadBalancerBeanPostProcessorAutoConfiguration] is not eligible for getting processed by all BeanPostProcessors (for example: not eligible for auto-proxying). The currently created BeanPostProcessor [loadBalancerWebClientBuilderBeanPostProcessor] is declared through a non-static factory method on that class; consider declaring it as static instead.
2026-02-22T14:56:29.417+01:00  WARN 2848 --- [Api-Gateway] [           main] trationDelegate$BeanPostProcessorChecker : Bean 'org.springframework.cloud.client.loadbalancer.reactive.LoadBalancerBeanPostProcessorAutoConfiguration$ReactorDeferringLoadBalancerFilterConfig' of type [org.springframework.cloud.client.loadbalancer.reactive.LoadBalancerBeanPostProcessorAutoConfiguration$ReactorDeferringLoadBalancerFilterConfig] is not eligible for getting processed by all BeanPostProcessors (for example: not eligible for auto-proxying). Is this bean getting eagerly injected into a currently created BeanPostProcessor [loadBalancerWebClientBuilderBeanPostProcessor]? Check the corresponding BeanPostProcessor declaration and its dependencies.
2026-02-22T14:56:29.431+01:00  WARN 2848 --- [Api-Gateway] [           main] trationDelegate$BeanPostProcessorChecker : Bean 'reactorDeferringLoadBalancerExchangeFilterFunction' of type [org.springframework.cloud.client.loadbalancer.reactive.DeferringLoadBalancerExchangeFilterFunction] is not eligible for getting processed by all BeanPostProcessors (for example: not eligible for auto-proxying). Is this bean getting eagerly injected into a currently created BeanPostProcessor [loadBalancerWebClientBuilderBeanPostProcessor]? Check the corresponding BeanPostProcessor declaration and its dependencies.
2026-02-22T14:56:34.803+01:00  INFO 2848 --- [Api-Gateway] [           main] o.s.cloud.commons.util.InetUtils         : Cannot determine local hostname
2026-02-22T14:56:36.201+01:00  INFO 2848 --- [Api-Gateway] [           main] o.s.c.g.r.RouteDefinitionRouteLocator    : Loaded RoutePredicateFactory [After]
2026-02-22T14:56:36.201+01:00  INFO 2848 --- [Api-Gateway] [           main] o.s.c.g.r.RouteDefinitionRouteLocator    : Loaded RoutePredicateFactory [Before]
2026-02-22T14:56:36.202+01:00  INFO 2848 --- [Api-Gateway] [           main] o.s.c.g.r.RouteDefinitionRouteLocator    : Loaded RoutePredicateFactory [Between]
2026-02-22T14:56:36.202+01:00  INFO 2848 --- [Api-Gateway] [           main] o.s.c.g.r.RouteDefinitionRouteLocator    : Loaded RoutePredicateFactory [Cookie]
2026-02-22T14:56:36.203+01:00  INFO 2848 --- [Api-Gateway] [           main] o.s.c.g.r.RouteDefinitionRouteLocator    : Loaded RoutePredicateFactory [Header]
2026-02-22T14:56:36.203+01:00  INFO 2848 --- [Api-Gateway] [           main] o.s.c.g.r.RouteDefinitionRouteLocator    : Loaded RoutePredicateFactory [Host]
2026-02-22T14:56:36.204+01:00  INFO 2848 --- [Api-Gateway] [           main] o.s.c.g.r.RouteDefinitionRouteLocator    : Loaded RoutePredicateFactory [Method]
2026-02-22T14:56:36.205+01:00  INFO 2848 --- [Api-Gateway] [           main] o.s.c.g.r.RouteDefinitionRouteLocator    : Loaded RoutePredicateFactory [Path]
2026-02-22T14:56:36.206+01:00  INFO 2848 --- [Api-Gateway] [           main] o.s.c.g.r.RouteDefinitionRouteLocator    : Loaded RoutePredicateFactory [Query]
2026-02-22T14:56:36.206+01:00  INFO 2848 --- [Api-Gateway] [           main] o.s.c.g.r.RouteDefinitionRouteLocator    : Loaded RoutePredicateFactory [ReadBody]
2026-02-22T14:56:36.207+01:00  INFO 2848 --- [Api-Gateway] [           main] o.s.c.g.r.RouteDefinitionRouteLocator    : Loaded RoutePredicateFactory [RemoteAddr]
2026-02-22T14:56:36.208+01:00  INFO 2848 --- [Api-Gateway] [           main] o.s.c.g.r.RouteDefinitionRouteLocator    : Loaded RoutePredicateFactory [XForwardedRemoteAddr]
2026-02-22T14:56:36.209+01:00  INFO 2848 --- [Api-Gateway] [           main] o.s.c.g.r.RouteDefinitionRouteLocator    : Loaded RoutePredicateFactory [Weight]
2026-02-22T14:56:36.210+01:00  INFO 2848 --- [Api-Gateway] [           main] o.s.c.g.r.RouteDefinitionRouteLocator    : Loaded RoutePredicateFactory [CloudFoundryRouteService]
2026-02-22T14:56:41.861+01:00  INFO 2848 --- [Api-Gateway] [           main] o.s.cloud.commons.util.InetUtils         : Cannot determine local hostname
2026-02-22T14:56:44.538+01:00  INFO 2848 --- [Api-Gateway] [           main] o.s.cloud.commons.util.InetUtils         : Cannot determine local hostname
2026-02-22T14:56:44.574+01:00  INFO 2848 --- [Api-Gateway] [           main] o.s.b.a.e.web.EndpointLinksResolver      : Exposing 1 endpoint(s) beneath base path '/actuator'
2026-02-22T14:56:44.719+01:00  INFO 2848 --- [Api-Gateway] [           main] DiscoveryClientOptionalArgsConfiguration : Eureka HTTP Client uses RestTemplate.
2026-02-22T14:56:44.736+01:00  WARN 2848 --- [Api-Gateway] [           main] iguration$LoadBalancerCaffeineWarnLogger : Spring Cloud LoadBalancer is currently working with the default cache. While this cache implementation is useful for development and tests, it's recommended to use Caffeine cache in production.You can switch to using Caffeine cache, by adding it and org.springframework.cache.caffeine.CaffeineCacheManager to the classpath.
2026-02-22T14:56:44.767+01:00  INFO 2848 --- [Api-Gateway] [           main] o.s.c.n.eureka.InstanceInfoFactory       : Setting initial instance status as: STARTING
2026-02-22T14:56:44.784+01:00  INFO 2848 --- [Api-Gateway] [           main] com.netflix.discovery.DiscoveryClient    : Initializing Eureka in region us-east-1
2026-02-22T14:56:44.788+01:00  INFO 2848 --- [Api-Gateway] [           main] c.n.d.s.r.aws.ConfigClusterResolver      : Resolving eureka endpoints via configuration
2026-02-22T14:56:44.794+01:00  INFO 2848 --- [Api-Gateway] [           main] com.netflix.discovery.DiscoveryClient    : Disable delta property : false
2026-02-22T14:56:44.794+01:00  INFO 2848 --- [Api-Gateway] [           main] com.netflix.discovery.DiscoveryClient    : Single vip registry refresh property : null
2026-02-22T14:56:44.794+01:00  INFO 2848 --- [Api-Gateway] [           main] com.netflix.discovery.DiscoveryClient    : Force full registry fetch : false
2026-02-22T14:56:44.794+01:00  INFO 2848 --- [Api-Gateway] [           main] com.netflix.discovery.DiscoveryClient    : Application is null : false
2026-02-22T14:56:44.795+01:00  INFO 2848 --- [Api-Gateway] [           main] com.netflix.discovery.DiscoveryClient    : Registered Applications size is zero : true
2026-02-22T14:56:44.795+01:00  INFO 2848 --- [Api-Gateway] [           main] com.netflix.discovery.DiscoveryClient    : Application version is -1: true
2026-02-22T14:56:44.795+01:00  INFO 2848 --- [Api-Gateway] [           main] com.netflix.discovery.DiscoveryClient    : Getting all instance registry info from the eureka server
2026-02-22T14:56:45.065+01:00  INFO 2848 --- [Api-Gateway] [           main] com.netflix.discovery.DiscoveryClient    : The response status is 200
2026-02-22T14:56:45.066+01:00  INFO 2848 --- [Api-Gateway] [           main] com.netflix.discovery.DiscoveryClient    : Starting heartbeat executor: renew interval is: 30
2026-02-22T14:56:45.068+01:00  INFO 2848 --- [Api-Gateway] [           main] c.n.discovery.InstanceInfoReplicator     : InstanceInfoReplicator onDemand update allowed rate per min is 4
2026-02-22T14:56:45.069+01:00  INFO 2848 --- [Api-Gateway] [           main] com.netflix.discovery.DiscoveryClient    : Discovery Client initialized at timestamp 1771768605068 with initial instances count: 0
2026-02-22T14:56:45.072+01:00  INFO 2848 --- [Api-Gateway] [           main] o.s.c.n.e.s.EurekaServiceRegistry        : Registering application API-GATEWAY with eureka with status UP
2026-02-22T14:56:45.073+01:00  INFO 2848 --- [Api-Gateway] [           main] com.netflix.discovery.DiscoveryClient    : Saw local status change event StatusChangeEvent [timestamp=1771768605073, current=UP, previous=STARTING]
2026-02-22T14:56:45.074+01:00  INFO 2848 --- [Api-Gateway] [foReplicator-%d] com.netflix.discovery.DiscoveryClient    : DiscoveryClient_API-GATEWAY/localhost:Api-Gateway:8070: registering service...
2026-02-22T14:56:45.107+01:00  INFO 2848 --- [Api-Gateway] [foReplicator-%d] com.netflix.discovery.DiscoveryClient    : DiscoveryClient_API-GATEWAY/localhost:Api-Gateway:8070 - registration status: 204
2026-02-22T14:56:45.380+01:00  INFO 2848 --- [Api-Gateway] [           main] o.s.b.web.embedded.netty.NettyWebServer  : Netty started on port 8070
2026-02-22T14:56:45.382+01:00  INFO 2848 --- [Api-Gateway] [           main] .s.c.n.e.s.EurekaAutoServiceRegistration : Updating port to 8070
2026-02-22T14:56:48.393+01:00  INFO 2848 --- [Api-Gateway] [           main] o.s.cloud.commons.util.InetUtils         : Cannot determine local hostname
2026-02-22T14:56:50.910+01:00  INFO 2848 --- [Api-Gateway] [           main] o.s.cloud.commons.util.InetUtils         : Cannot determine local hostname
2026-02-22T14:56:50.959+01:00  INFO 2848 --- [Api-Gateway] [           main] o.e.apigateway.ApiGatewayApplication     : Started ApiGatewayApplication in 25.766 seconds (process running for 26.22)
2026-02-22T14:57:04.000+01:00  WARN 2848 --- [Api-Gateway] [ctor-http-nio-2] o.s.c.l.core.RoundRobinLoadBalancer      : No servers available for service: CLINICAL-SERVICE
2026-02-22T14:57:15.074+01:00  INFO 2848 --- [Api-Gateway] [reshExecutor-%d] com.netflix.discovery.DiscoveryClient    : Disable delta property : false
2026-02-22T14:57:15.077+01:00  INFO 2848 --- [Api-Gateway] [reshExecutor-%d] com.netflix.discovery.DiscoveryClient    : Single vip registry refresh property : null
2026-02-22T14:57:15.077+01:00  INFO 2848 --- [Api-Gateway] [reshExecutor-%d] com.netflix.discovery.DiscoveryClient    : Force full registry fetch : false
2026-02-22T14:57:15.081+01:00  INFO 2848 --- [Api-Gateway] [reshExecutor-%d] com.netflix.discovery.DiscoveryClient    : Application is null : false
2026-02-22T14:57:15.082+01:00  INFO 2848 --- [Api-Gateway] [reshExecutor-%d] com.netflix.discovery.DiscoveryClient    : Registered Applications size is zero : true
2026-02-22T14:57:15.082+01:00  INFO 2848 --- [Api-Gateway] [reshExecutor-%d] com.netflix.discovery.DiscoveryClient    : Application version is -1: false
2026-02-22T14:57:15.082+01:00  INFO 2848 --- [Api-Gateway] [reshExecutor-%d] com.netflix.discovery.DiscoveryClient    : Getting all instance registry info from the eureka server
2026-02-22T14:57:15.143+01:00  INFO 2848 --- [Api-Gateway] [reshExecutor-%d] com.netflix.discovery.DiscoveryClient    : The response status is 200
2026-02-22T14:57:54.457+01:00  WARN 2848 --- [Api-Gateway] [ctor-http-nio-3] o.s.c.l.core.RoundRobinLoadBalancer      : No servers available for service: hospitalization-service
2026-02-22T14:57:54.625+01:00  WARN 2848 --- [Api-Gateway] [ctor-http-nio-4] o.s.c.l.core.RoundRobinLoadBalancer      : No servers available for service: hospitalization-service
2026-02-22T14:57:54.671+01:00  WARN 2848 --- [Api-Gateway] [ctor-http-nio-4] o.s.c.l.core.RoundRobinLoadBalancer      : No servers available for service: hospitalization-service
2026-02-22T14:58:24.968+01:00  WARN 2848 --- [Api-Gateway] [ctor-http-nio-4] o.s.c.l.core.RoundRobinLoadBalancer      : No servers available for service: hospitalization-service
2026-02-22T14:58:54.979+01:00  WARN 2848 --- [Api-Gateway] [ctor-http-nio-4] o.s.c.l.core.RoundRobinLoadBalancer      : No servers available for service: hospitalization-service
2026-02-22T14:59:25.000+01:00  WARN 2848 --- [Api-Gateway] [ctor-http-nio-4] o.s.c.l.core.RoundRobinLoadBalancer      : No servers available for service: hospitalization-service
2026-02-22T14:59:54.604+01:00  WARN 2848 --- [Api-Gateway] [ctor-http-nio-4] o.s.c.l.core.RoundRobinLoadBalancer      : No servers available for service: hospitalization-service
2026-02-22T15:00:25.014+01:00  WARN 2848 --- [Api-Gateway] [ctor-http-nio-4] o.s.c.l.core.RoundRobinLoadBalancer      : No servers available for service: hospitalization-service
2026-02-22T15:00:55.022+01:00  WARN 2848 --- [Api-Gateway] [ctor-http-nio-4] o.s.c.l.core.RoundRobinLoadBalancer      : No servers available for service: hospitalization-service
2026-02-22T15:01:25.002+01:00  WARN 2848 --- [Api-Gateway] [ctor-http-nio-4] o.s.c.l.core.RoundRobinLoadBalancer      : No servers available for service: hospitalization-service
2026-02-22T15:01:44.811+01:00  INFO 2848 --- [Api-Gateway] [rap-executor-%d] c.n.d.s.r.aws.ConfigClusterResolver      : Resolving eureka endpoints via configuration
2026-02-22T15:01:59.017+01:00  WARN 2848 --- [Api-Gateway] [ctor-http-nio-4] o.s.c.l.core.RoundRobinLoadBalancer      : No servers available for service: hospitalization-service
2026-02-22T15:02:59.051+01:00  WARN 2848 --- [Api-Gateway] [ctor-http-nio-4] o.s.c.l.core.RoundRobinLoadBalancer      : No servers available for service: hospitalization-service
2026-02-22T15:03:59.006+01:00  WARN 2848 --- [Api-Gateway] [ctor-http-nio-4] o.s.c.l.core.RoundRobinLoadBalancer      : No servers available for service: hospitalization-service
2026-02-22T15:04:59.021+01:00  WARN 2848 --- [Api-Gateway] [ctor-http-nio-4] o.s.c.l.core.RoundRobinLoadBalancer      : No servers available for service: hospitalization-service
2026-02-22T15:05:58.998+01:00  WARN 2848 --- [Api-Gateway] [ctor-http-nio-4] o.s.c.l.core.RoundRobinLoadBalancer      : No servers available for service: hospitalization-service
2026-02-22T15:06:44.814+01:00  INFO 2848 --- [Api-Gateway] [rap-executor-%d] c.n.d.s.r.aws.ConfigClusterResolver      : Resolving eureka endpoints via configuration
2026-02-22T15:06:59.048+01:00  WARN 2848 --- [Api-Gateway] [ctor-http-nio-4] o.s.c.l.core.RoundRobinLoadBalancer      : No servers available for service: hospitalization-service
2026-02-22T15:08:01.386+01:00  WARN 2848 --- [Api-Gateway] [ctor-http-nio-4] o.s.c.l.core.RoundRobinLoadBalancer      : No servers available for service: hospitalization-service
2026-02-22T15:09:01.334+01:00  WARN 2848 --- [Api-Gateway] [ctor-http-nio-4] o.s.c.l.core.RoundRobinLoadBalancer      : No servers available for service: hospitalization-service
2026-02-22T15:10:01.323+01:00  WARN 2848 --- [Api-Gateway] [ctor-http-nio-4] o.s.c.l.core.RoundRobinLoadBalancer      : No servers available for service: hospitalization-service
2026-02-22T15:11:01.406+01:00  WARN 2848 --- [Api-Gateway] [ctor-http-nio-4] o.s.c.l.core.RoundRobinLoadBalancer      : No servers available for service: hospitalization-service
2026-02-22T15:11:44.832+01:00  INFO 2848 --- [Api-Gateway] [rap-executor-%d] c.n.d.s.r.aws.ConfigClusterResolver      : Resolving eureka endpoints via configuration
2026-02-22T15:12:01.345+01:00  WARN 2848 --- [Api-Gateway] [ctor-http-nio-4] o.s.c.l.core.RoundRobinLoadBalancer      : No servers available for service: hospitalization-service
2026-02-22T15:13:01.396+01:00  WARN 2848 --- [Api-Gateway] [ctor-http-nio-4] o.s.c.l.core.RoundRobinLoadBalancer      : No servers available for service: hospitalization-service
[INFO] ------------------------------------------------------------------------
[INFO] BUILD FAILURE
[INFO] ------------------------------------------------------------------------
[INFO] Total time:  20:02 min
[INFO] Finished at: 2026-02-22T15:16:08+01:00
[INFO] ------------------------------------------------------------------------
[ERROR] Failed to execute goal org.springframework.boot:spring-boot-maven-plugin:3.2.5:run (default-cli) on project api-gateway: Process terminated with exit code: -1 -> [Help 1]
[ERROR] 
[ERROR] To see the full stack trace of the errors, re-run Maven with the -e switch.
[ERROR] Re-run Maven using the -X switch to enable full debug logging.
[ERROR] 
[ERROR] For more information about the errors and possible solutions, please read the following articles:
[ERROR] [Help 1] http://cwiki.apache.org/confluence/display/MAVEN/MojoExecutionException
