[INFO] Scanning for projects...
[INFO] 
[INFO] ----------------------< esprit:dialysis-service >-----------------------
[INFO] Building dialysis-service 0.0.1-SNAPSHOT
[INFO]   from pom.xml
[INFO] --------------------------------[ jar ]---------------------------------
[INFO] 
[INFO] >>> spring-boot:3.1.12:run (default-cli) > test-compile @ dialysis-service >>>
[INFO] 
[INFO] --- resources:3.3.1:resources (default-resources) @ dialysis-service ---
[INFO] Copying 1 resource from src\main\resources to target\classes
[INFO] Copying 0 resource from src\main\resources to target\classes
[INFO] 
[INFO] --- compiler:3.10.1:compile (default-compile) @ dialysis-service ---
[INFO] Nothing to compile - all classes are up to date
[INFO] 
[INFO] --- resources:3.3.1:testResources (default-testResources) @ dialysis-service ---
[INFO] skip non existing resourceDirectory C:\Users\chife\IdeaProjects\PIdev\PIdev\backend\dialysis-service\src\test\resources
[INFO] 
[INFO] --- compiler:3.10.1:testCompile (default-testCompile) @ dialysis-service ---
[INFO] Nothing to compile - all classes are up to date
[INFO] 
[INFO] <<< spring-boot:3.1.12:run (default-cli) < test-compile @ dialysis-service <<<
[INFO] 
[INFO] 
[INFO] --- spring-boot:3.1.12:run (default-cli) @ dialysis-service ---
[INFO] Attaching agents: []

  .   ____          _            __ _ _
 /\\ / ___'_ __ _ _(_)_ __  __ _ \ \ \ \
( ( )\___ | '_ | '_| | '_ \/ _` | \ \ \ \
 \\/  ___)| |_)| | | | | || (_| |  ) ) ) )
  '  |____| .__|_| |_|_| |_\__, | / / / /
 =========|_|==============|___/=/_/_/_/
 :: Spring Boot ::               (v3.1.12)

2026-02-22T14:56:24.758+01:00  INFO 25452 --- [           main] e.d.DialysisServiceApplication           : Starting DialysisServiceApplication using Java 17.0.18 with PID 25452 (C:\Users\chife\IdeaProjects\PIdev\PIdev\backend\dialysis-service\target\classes started by chife in C:\Users\chife\IdeaProjects\PIdev\PIdev\backend\dialysis-service)
2026-02-22T14:56:24.759+01:00  INFO 25452 --- [           main] e.d.DialysisServiceApplication           : No active profile set, falling back to 1 default profile: "default"
2026-02-22T14:56:25.281+01:00  INFO 25452 --- [           main] .s.d.r.c.RepositoryConfigurationDelegate : Bootstrapping Spring Data JPA repositories in DEFAULT mode.
2026-02-22T14:56:25.399+01:00  INFO 25452 --- [           main] .s.d.r.c.RepositoryConfigurationDelegate : Finished Spring Data repository scanning in 111 ms. Found 2 JPA repository interfaces.
2026-02-22T14:56:25.792+01:00  INFO 25452 --- [           main] o.s.cloud.context.scope.GenericScope     : BeanFactory id=10b802f8-73e7-39a1-b935-b758812df602
2026-02-22T14:56:27.322+01:00  INFO 25452 --- [           main] o.s.b.w.embedded.tomcat.TomcatWebServer  : Tomcat initialized with port(s): 8075 (http)
2026-02-22T14:56:27.341+01:00  INFO 25452 --- [           main] o.apache.catalina.core.StandardService   : Starting service [Tomcat]
2026-02-22T14:56:27.342+01:00  INFO 25452 --- [           main] o.apache.catalina.core.StandardEngine    : Starting Servlet engine: [Apache Tomcat/10.1.24]
2026-02-22T14:56:27.644+01:00  INFO 25452 --- [           main] o.a.c.c.C.[Tomcat].[localhost].[/]       : Initializing Spring embedded WebApplicationContext
2026-02-22T14:56:27.647+01:00  INFO 25452 --- [           main] w.s.c.ServletWebServerApplicationContext : Root WebApplicationContext: initialization completed in 2855 ms
2026-02-22T14:56:33.450+01:00  INFO 25452 --- [           main] o.hibernate.jpa.internal.util.LogHelper  : HHH000204: Processing PersistenceUnitInfo [name: default]
2026-02-22T14:56:33.619+01:00  INFO 25452 --- [           main] org.hibernate.Version                    : HHH000412: Hibernate ORM core version 6.2.25.Final
2026-02-22T14:56:33.629+01:00  INFO 25452 --- [           main] org.hibernate.cfg.Environment            : HHH000406: Using bytecode reflection optimizer
2026-02-22T14:56:34.571+01:00  INFO 25452 --- [           main] o.s.o.j.p.SpringPersistenceUnitInfo      : No LoadTimeWeaver setup: ignoring JPA class transformer
2026-02-22T14:56:34.685+01:00  INFO 25452 --- [           main] com.zaxxer.hikari.HikariDataSource       : HikariPool-1 - Starting...
2026-02-22T14:56:35.733+01:00  INFO 25452 --- [           main] com.zaxxer.hikari.pool.HikariPool        : HikariPool-1 - Added connection com.mysql.cj.jdbc.ConnectionImpl@5ab5924c
2026-02-22T14:56:35.739+01:00  INFO 25452 --- [           main] com.zaxxer.hikari.HikariDataSource       : HikariPool-1 - Start completed.
2026-02-22T14:56:36.045+01:00  WARN 25452 --- [           main] org.hibernate.dialect.Dialect            : HHH000511: The 5.5.0 version for [org.hibernate.dialect.MySQLDialect] is no longer supported, hence certain features may not work properly. The minimum supported version is 5.7.0. Check the community dialects project for available legacy versions.
2026-02-22T14:56:41.949+01:00  INFO 25452 --- [           main] o.h.e.t.j.p.i.JtaPlatformInitiator       : HHH000489: No JTA platform available (set 'hibernate.transaction.jta.platform' to enable JTA platform integration)
2026-02-22T14:56:42.191+01:00  INFO 25452 --- [           main] j.LocalContainerEntityManagerFactoryBean : Initialized JPA EntityManagerFactory for persistence unit 'default'
2026-02-22T14:56:43.124+01:00  WARN 25452 --- [           main] JpaBaseConfiguration$JpaWebConfiguration : spring.jpa.open-in-view is enabled by default. Therefore, database queries may be performed during view rendering. Explicitly configure spring.jpa.open-in-view to disable this warning
2026-02-22T14:56:44.986+01:00  INFO 25452 --- [           main] o.s.cloud.commons.util.InetUtils         : Cannot determine local hostname
2026-02-22T14:56:45.015+01:00  INFO 25452 --- [           main] DiscoveryClientOptionalArgsConfiguration : Eureka HTTP Client uses RestTemplate.
2026-02-22T14:56:46.994+01:00  INFO 25452 --- [           main] o.s.cloud.commons.util.InetUtils         : Cannot determine local hostname
2026-02-22T14:56:47.205+01:00  WARN 25452 --- [           main] iguration$LoadBalancerCaffeineWarnLogger : Spring Cloud LoadBalancer is currently working with the default cache. While this cache implementation is useful for development and tests, it's recommended to use Caffeine cache in production.You can switch to using Caffeine cache, by adding it and org.springframework.cache.caffeine.CaffeineCacheManager to the classpath.
2026-02-22T14:56:47.252+01:00  INFO 25452 --- [           main] o.s.c.n.eureka.InstanceInfoFactory       : Setting initial instance status as: STARTING
2026-02-22T14:56:47.406+01:00  INFO 25452 --- [           main] com.netflix.discovery.DiscoveryClient    : Initializing Eureka in region us-east-1
2026-02-22T14:56:47.414+01:00  INFO 25452 --- [           main] c.n.d.s.r.aws.ConfigClusterResolver      : Resolving eureka endpoints via configuration
2026-02-22T14:56:47.456+01:00  INFO 25452 --- [           main] com.netflix.discovery.DiscoveryClient    : Disable delta property : false
2026-02-22T14:56:47.456+01:00  INFO 25452 --- [           main] com.netflix.discovery.DiscoveryClient    : Single vip registry refresh property : null
2026-02-22T14:56:47.457+01:00  INFO 25452 --- [           main] com.netflix.discovery.DiscoveryClient    : Force full registry fetch : false
2026-02-22T14:56:47.457+01:00  INFO 25452 --- [           main] com.netflix.discovery.DiscoveryClient    : Application is null : false
2026-02-22T14:56:47.458+01:00  INFO 25452 --- [           main] com.netflix.discovery.DiscoveryClient    : Registered Applications size is zero : true
2026-02-22T14:56:47.459+01:00  INFO 25452 --- [           main] com.netflix.discovery.DiscoveryClient    : Application version is -1: true
2026-02-22T14:56:47.460+01:00  INFO 25452 --- [           main] com.netflix.discovery.DiscoveryClient    : Getting all instance registry info from the eureka server
2026-02-22T14:56:48.349+01:00  INFO 25452 --- [           main] com.netflix.discovery.DiscoveryClient    : The response status is 200
2026-02-22T14:56:48.355+01:00  INFO 25452 --- [           main] com.netflix.discovery.DiscoveryClient    : Starting heartbeat executor: renew interval is: 30
2026-02-22T14:56:48.365+01:00  INFO 25452 --- [           main] c.n.discovery.InstanceInfoReplicator     : InstanceInfoReplicator onDemand update allowed rate per min is 4
2026-02-22T14:56:48.377+01:00  INFO 25452 --- [           main] com.netflix.discovery.DiscoveryClient    : Discovery Client initialized at timestamp 1771768608374 with initial instances count: 0
2026-02-22T14:56:48.384+01:00  INFO 25452 --- [           main] o.s.c.n.e.s.EurekaServiceRegistry        : Registering application DIALYSIS-SERVICE with eureka with status UP
2026-02-22T14:56:48.387+01:00  INFO 25452 --- [           main] com.netflix.discovery.DiscoveryClient    : Saw local status change event StatusChangeEvent [timestamp=1771768608387, current=UP, previous=STARTING]
2026-02-22T14:56:48.391+01:00  INFO 25452 --- [nfoReplicator-0] com.netflix.discovery.DiscoveryClient    : DiscoveryClient_DIALYSIS-SERVICE/localhost:dialysis-service:8075: registering service...
2026-02-22T14:56:48.434+01:00  INFO 25452 --- [           main] o.s.b.w.embedded.tomcat.TomcatWebServer  : Tomcat started on port(s): 8075 (http) with context path ''
2026-02-22T14:56:48.437+01:00  INFO 25452 --- [           main] .s.c.n.e.s.EurekaAutoServiceRegistration : Updating port to 8075
2026-02-22T14:56:48.476+01:00  INFO 25452 --- [nfoReplicator-0] com.netflix.discovery.DiscoveryClient    : DiscoveryClient_DIALYSIS-SERVICE/localhost:dialysis-service:8075 - registration status: 204
2026-02-22T14:56:50.956+01:00  INFO 25452 --- [           main] o.s.cloud.commons.util.InetUtils         : Cannot determine local hostname
2026-02-22T14:56:50.971+01:00  INFO 25452 --- [           main] e.d.DialysisServiceApplication           : Started DialysisServiceApplication in 28.106 seconds (process running for 28.426)
2026-02-22T14:57:18.360+01:00  INFO 25452 --- [freshExecutor-0] com.netflix.discovery.DiscoveryClient    : Disable delta property : false
2026-02-22T14:57:18.367+01:00  INFO 25452 --- [freshExecutor-0] com.netflix.discovery.DiscoveryClient    : Single vip registry refresh property : null
2026-02-22T14:57:18.368+01:00  INFO 25452 --- [freshExecutor-0] com.netflix.discovery.DiscoveryClient    : Force full registry fetch : false
2026-02-22T14:57:18.368+01:00  INFO 25452 --- [freshExecutor-0] com.netflix.discovery.DiscoveryClient    : Application is null : false
2026-02-22T14:57:18.368+01:00  INFO 25452 --- [freshExecutor-0] com.netflix.discovery.DiscoveryClient    : Registered Applications size is zero : true
2026-02-22T14:57:18.368+01:00  INFO 25452 --- [freshExecutor-0] com.netflix.discovery.DiscoveryClient    : Application version is -1: false
2026-02-22T14:57:18.368+01:00  INFO 25452 --- [freshExecutor-0] com.netflix.discovery.DiscoveryClient    : Getting all instance registry info from the eureka server
2026-02-22T14:57:18.423+01:00  INFO 25452 --- [freshExecutor-0] com.netflix.discovery.DiscoveryClient    : The response status is 200
2026-02-22T15:01:47.476+01:00  INFO 25452 --- [trap-executor-0] c.n.d.s.r.aws.ConfigClusterResolver      : Resolving eureka endpoints via configuration
2026-02-22T15:06:47.490+01:00  INFO 25452 --- [trap-executor-0] c.n.d.s.r.aws.ConfigClusterResolver      : Resolving eureka endpoints via configuration
2026-02-22T15:11:47.496+01:00  INFO 25452 --- [trap-executor-0] c.n.d.s.r.aws.ConfigClusterResolver      : Resolving eureka endpoints via configuration
[INFO] ------------------------------------------------------------------------
[INFO] BUILD FAILURE
[INFO] ------------------------------------------------------------------------
[INFO] Total time:  19:57 min
[INFO] Finished at: 2026-02-22T15:16:08+01:00
[INFO] ------------------------------------------------------------------------
[ERROR] Failed to execute goal org.springframework.boot:spring-boot-maven-plugin:3.1.12:run (default-cli) on project dialysis-service: Process terminated with exit code: -1 -> [Help 1]
[ERROR] 
[ERROR] To see the full stack trace of the errors, re-run Maven with the -e switch.
[ERROR] Re-run Maven using the -X switch to enable full debug logging.
[ERROR] 
[ERROR] For more information about the errors and possible solutions, please read the following articles:
[ERROR] [Help 1] http://cwiki.apache.org/confluence/display/MAVEN/MojoExecutionException
