[INFO] Scanning for projects...
[INFO] 
[INFO] ----------------------< esprit:discovery-service >----------------------
[INFO] Building discovery-service 0.0.1-SNAPSHOT
[INFO]   from pom.xml
[INFO] --------------------------------[ jar ]---------------------------------
[INFO] 
[INFO] >>> spring-boot:4.0.2:run (default-cli) > test-compile @ discovery-service >>>
[INFO] 
[INFO] --- resources:3.3.1:resources (default-resources) @ discovery-service ---
[INFO] Copying 1 resource from src\main\resources to target\classes
[INFO] Copying 0 resource from src\main\resources to target\classes
[INFO] 
[INFO] --- compiler:3.14.1:compile (default-compile) @ discovery-service ---
[INFO] Nothing to compile - all classes are up to date.
[INFO] 
[INFO] --- resources:3.3.1:testResources (default-testResources) @ discovery-service ---
[INFO] skip non existing resourceDirectory C:\Users\chife\IdeaProjects\PIdev\PIdev\backend\discovery-service\src\test\resources
[INFO] 
[INFO] --- compiler:3.14.1:testCompile (default-testCompile) @ discovery-service ---
[INFO] Nothing to compile - all classes are up to date.
[INFO] 
[INFO] <<< spring-boot:4.0.2:run (default-cli) < test-compile @ discovery-service <<<
[INFO] 
[INFO] 
[INFO] --- spring-boot:4.0.2:run (default-cli) @ discovery-service ---
[INFO] Attaching agents: []

  .   ____          _            __ _ _
 /\\ / ___'_ __ _ _(_)_ __  __ _ \ \ \ \
( ( )\___ | '_ | '_| | '_ \/ _` | \ \ \ \
 \\/  ___)| |_)| | | | | || (_| |  ) ) ) )
  '  |____| .__|_| |_|_| |_\__, | / / / /
 =========|_|==============|___/=/_/_/_/

 :: Spring Boot ::                (v4.0.2)

2026-02-22T14:56:05.068+01:00  INFO 28900 --- [discovery-service] [           main] e.d.DiscoveryServiceApplication          : Starting DiscoveryServiceApplication using Java 17.0.18 with PID 28900 (C:\Users\chife\IdeaProjects\PIdev\PIdev\backend\discovery-service\target\classes started by chife in C:\Users\chife\IdeaProjects\PIdev\PIdev\backend\discovery-service)
2026-02-22T14:56:05.072+01:00  INFO 28900 --- [discovery-service] [           main] e.d.DiscoveryServiceApplication          : No active profile set, falling back to 1 default profile: "default"
2026-02-22T14:56:05.783+01:00  INFO 28900 --- [discovery-service] [           main] o.s.cloud.context.scope.GenericScope     : BeanFactory id=da011436-bb5d-361f-9831-315402db1280
2026-02-22T14:56:06.108+01:00  INFO 28900 --- [discovery-service] [           main] o.s.boot.tomcat.TomcatWebServer          : Tomcat initialized with port 8761 (http)
2026-02-22T14:56:06.128+01:00  INFO 28900 --- [discovery-service] [           main] o.apache.catalina.core.StandardService   : Starting service [Tomcat]
2026-02-22T14:56:06.128+01:00  INFO 28900 --- [discovery-service] [           main] o.apache.catalina.core.StandardEngine    : Starting Servlet engine: [Apache Tomcat/11.0.15]
2026-02-22T14:56:06.383+01:00  INFO 28900 --- [discovery-service] [           main] b.w.c.s.WebApplicationContextInitializer : Root WebApplicationContext: initialization completed in 1272 ms
2026-02-22T14:56:09.662+01:00  INFO 28900 --- [discovery-service] [           main] c.n.d.provider.DiscoveryJerseyProvider   : Using JSON encoding codec LegacyJacksonJson
2026-02-22T14:56:09.673+01:00  INFO 28900 --- [discovery-service] [           main] c.n.d.provider.DiscoveryJerseyProvider   : Using JSON decoding codec LegacyJacksonJson
2026-02-22T14:56:10.380+01:00  INFO 28900 --- [discovery-service] [           main] c.n.d.provider.DiscoveryJerseyProvider   : Using XML encoding codec XStreamXml
2026-02-22T14:56:10.381+01:00  INFO 28900 --- [discovery-service] [           main] c.n.d.provider.DiscoveryJerseyProvider   : Using XML decoding codec XStreamXml
2026-02-22T14:56:11.602+01:00  INFO 28900 --- [discovery-service] [           main] o.s.v.b.OptionalValidatorFactoryBean     : Failed to set up a Bean Validation provider: jakarta.validation.NoProviderFoundException: Unable to create a Configuration, because no Jakarta Validation provider could be found. Add a provider like Hibernate Validator (RI) to your classpath.
2026-02-22T14:56:19.246+01:00  INFO 28900 --- [discovery-service] [           main] o.s.cloud.commons.util.InetUtils         : Cannot determine local hostname
2026-02-22T14:56:24.166+01:00  INFO 28900 --- [discovery-service] [           main] o.s.cloud.commons.util.InetUtils         : Cannot determine local hostname
2026-02-22T14:56:24.437+01:00  WARN 28900 --- [discovery-service] [           main] iguration$LoadBalancerCaffeineWarnLogger : Spring Cloud LoadBalancer is currently working with the default cache. While this cache implementation is useful for development and tests, it's recommended to use Caffeine cache in production.You can switch to using Caffeine cache, by adding it and org.springframework.cache.caffeine.CaffeineCacheManager to the classpath.
2026-02-22T14:56:24.547+01:00  INFO 28900 --- [discovery-service] [           main] o.s.c.n.eureka.InstanceInfoFactory       : Setting initial instance status as: STARTING
2026-02-22T14:56:24.752+01:00  INFO 28900 --- [discovery-service] [           main] com.netflix.discovery.DiscoveryClient    : Initializing Eureka in region us-east-1
2026-02-22T14:56:24.752+01:00  INFO 28900 --- [discovery-service] [           main] com.netflix.discovery.DiscoveryClient    : Client configured to neither register nor query for data.
2026-02-22T14:56:24.756+01:00  INFO 28900 --- [discovery-service] [           main] com.netflix.discovery.DiscoveryClient    : Discovery Client initialized at timestamp 1771768584755 with initial instances count: 0
2026-02-22T14:56:24.940+01:00  INFO 28900 --- [discovery-service] [           main] c.n.eureka.DefaultEurekaServerContext    : Initializing ...
2026-02-22T14:56:24.943+01:00  WARN 28900 --- [discovery-service] [           main] c.n.eureka.cluster.PeerEurekaNodes       : The replica size seems to be empty. Check the route 53 DNS Registry
2026-02-22T14:56:24.962+01:00  INFO 28900 --- [discovery-service] [           main] c.n.e.registry.AbstractInstanceRegistry  : Finished initializing remote region registries. All known remote regions: []
2026-02-22T14:56:24.963+01:00  INFO 28900 --- [discovery-service] [           main] c.n.eureka.DefaultEurekaServerContext    : Initialized
2026-02-22T14:56:24.976+01:00  INFO 28900 --- [discovery-service] [           main] o.s.b.a.e.web.EndpointLinksResolver      : Exposing 1 endpoint beneath base path '/actuator'
2026-02-22T14:56:25.067+01:00  INFO 28900 --- [discovery-service] [           main] o.s.c.n.e.s.EurekaServiceRegistry        : Registering application DISCOVERY-SERVICE with eureka with status UP
2026-02-22T14:56:25.090+01:00  INFO 28900 --- [discovery-service] [      Thread-10] o.s.c.n.e.server.EurekaServerBootstrap   : isAws returned false
2026-02-22T14:56:25.091+01:00  INFO 28900 --- [discovery-service] [      Thread-10] o.s.c.n.e.server.EurekaServerBootstrap   : Initialized server context
2026-02-22T14:56:25.092+01:00  INFO 28900 --- [discovery-service] [      Thread-10] c.n.e.r.PeerAwareInstanceRegistryImpl    : Got 1 instances from neighboring DS node
2026-02-22T14:56:25.093+01:00  INFO 28900 --- [discovery-service] [      Thread-10] c.n.e.r.PeerAwareInstanceRegistryImpl    : Renew threshold is: 1
2026-02-22T14:56:25.093+01:00  INFO 28900 --- [discovery-service] [      Thread-10] c.n.e.r.PeerAwareInstanceRegistryImpl    : Changing status to UP
2026-02-22T14:56:25.096+01:00  INFO 28900 --- [discovery-service] [      Thread-10] e.s.EurekaServerInitializerConfiguration : Started Eureka Server
2026-02-22T14:56:25.148+01:00  INFO 28900 --- [discovery-service] [           main] o.s.boot.tomcat.TomcatWebServer          : Tomcat started on port 8761 (http) with context path '/'
2026-02-22T14:56:25.152+01:00  INFO 28900 --- [discovery-service] [           main] .s.c.n.e.s.EurekaAutoServiceRegistration : Updating port to 8761
2026-02-22T14:56:28.174+01:00  INFO 28900 --- [discovery-service] [           main] o.s.cloud.commons.util.InetUtils         : Cannot determine local hostname
2026-02-22T14:56:28.213+01:00  INFO 28900 --- [discovery-service] [           main] e.d.DiscoveryServiceApplication          : Started DiscoveryServiceApplication in 24.821 seconds (process running for 25.203)
2026-02-22T14:56:44.248+01:00  INFO 28900 --- [discovery-service] [nio-8761-exec-1] o.a.c.c.C.[Tomcat].[localhost].[/]       : Initializing Spring DispatcherServlet 'dispatcherServlet'
2026-02-22T14:56:44.251+01:00  INFO 28900 --- [discovery-service] [nio-8761-exec-1] o.s.web.servlet.DispatcherServlet        : Initializing Servlet 'dispatcherServlet'
2026-02-22T14:56:44.253+01:00  INFO 28900 --- [discovery-service] [nio-8761-exec-1] o.s.web.servlet.DispatcherServlet        : Completed initialization in 1 ms
2026-02-22T14:56:44.450+01:00  INFO 28900 --- [discovery-service] [nio-8761-exec-9] c.n.e.registry.AbstractInstanceRegistry  : Registered instance PHARMACY-SERVICE/localhost:pharmacy-service:8087 with status UP (replication=false)
2026-02-22T14:56:44.942+01:00  INFO 28900 --- [discovery-service] [nio-8761-exec-4] c.n.e.registry.AbstractInstanceRegistry  : Registered instance CLINICAL-SERVICE/localhost:clinical-service:8079 with status UP (replication=false)
2026-02-22T14:56:45.106+01:00  INFO 28900 --- [discovery-service] [nio-8761-exec-5] c.n.e.registry.AbstractInstanceRegistry  : Registered instance API-GATEWAY/localhost:Api-Gateway:8070 with status UP (replication=false)
2026-02-22T14:56:46.700+01:00  INFO 28900 --- [discovery-service] [nio-8761-exec-7] c.n.e.registry.AbstractInstanceRegistry  : Registered instance USER-SERVICE/localhost:user-service:8069 with status UP (replication=false)
2026-02-22T14:56:48.473+01:00  INFO 28900 --- [discovery-service] [io-8761-exec-10] c.n.e.registry.AbstractInstanceRegistry  : Registered instance DIALYSIS-SERVICE/localhost:dialysis-service:8075 with status UP (replication=false)
2026-02-22T14:57:25.097+01:00  INFO 28900 --- [discovery-service] [a-EvictionTimer] c.n.e.registry.AbstractInstanceRegistry  : Running the evict task with compensationTime 0ms
2026-02-22T14:58:25.098+01:00  INFO 28900 --- [discovery-service] [a-EvictionTimer] c.n.e.registry.AbstractInstanceRegistry  : Running the evict task with compensationTime 1ms
2026-02-22T14:59:25.099+01:00  INFO 28900 --- [discovery-service] [a-EvictionTimer] c.n.e.registry.AbstractInstanceRegistry  : Running the evict task with compensationTime 0ms
2026-02-22T15:00:25.101+01:00  INFO 28900 --- [discovery-service] [a-EvictionTimer] c.n.e.registry.AbstractInstanceRegistry  : Running the evict task with compensationTime 1ms
2026-02-22T15:01:25.107+01:00  INFO 28900 --- [discovery-service] [a-EvictionTimer] c.n.e.registry.AbstractInstanceRegistry  : Running the evict task with compensationTime 6ms
2026-02-22T15:02:25.114+01:00  INFO 28900 --- [discovery-service] [a-EvictionTimer] c.n.e.registry.AbstractInstanceRegistry  : Running the evict task with compensationTime 7ms
2026-02-22T15:03:25.115+01:00  INFO 28900 --- [discovery-service] [a-EvictionTimer] c.n.e.registry.AbstractInstanceRegistry  : Running the evict task with compensationTime 0ms
2026-02-22T15:04:25.116+01:00  INFO 28900 --- [discovery-service] [a-EvictionTimer] c.n.e.registry.AbstractInstanceRegistry  : Running the evict task with compensationTime 0ms
2026-02-22T15:05:25.125+01:00  INFO 28900 --- [discovery-service] [a-EvictionTimer] c.n.e.registry.AbstractInstanceRegistry  : Running the evict task with compensationTime 8ms
2026-02-22T15:06:24.957+01:00  WARN 28900 --- [discovery-service] [eerNodesUpdater] c.n.eureka.cluster.PeerEurekaNodes       : The replica size seems to be empty. Check the route 53 DNS Registry
2026-02-22T15:06:25.144+01:00  INFO 28900 --- [discovery-service] [a-EvictionTimer] c.n.e.registry.AbstractInstanceRegistry  : Running the evict task with compensationTime 19ms
2026-02-22T15:07:25.147+01:00  INFO 28900 --- [discovery-service] [a-EvictionTimer] c.n.e.registry.AbstractInstanceRegistry  : Running the evict task with compensationTime 3ms
2026-02-22T15:08:25.160+01:00  INFO 28900 --- [discovery-service] [a-EvictionTimer] c.n.e.registry.AbstractInstanceRegistry  : Running the evict task with compensationTime 12ms
2026-02-22T15:09:25.179+01:00  INFO 28900 --- [discovery-service] [a-EvictionTimer] c.n.e.registry.AbstractInstanceRegistry  : Running the evict task with compensationTime 18ms
2026-02-22T15:10:25.183+01:00  INFO 28900 --- [discovery-service] [a-EvictionTimer] c.n.e.registry.AbstractInstanceRegistry  : Running the evict task with compensationTime 4ms
2026-02-22T15:11:24.976+01:00  INFO 28900 --- [discovery-service] [hresholdUpdater] c.n.e.r.PeerAwareInstanceRegistryImpl    : Current renewal threshold is : 10
2026-02-22T15:11:25.194+01:00  INFO 28900 --- [discovery-service] [a-EvictionTimer] c.n.e.registry.AbstractInstanceRegistry  : Running the evict task with compensationTime 11ms
2026-02-22T15:12:25.208+01:00  INFO 28900 --- [discovery-service] [a-EvictionTimer] c.n.e.registry.AbstractInstanceRegistry  : Running the evict task with compensationTime 13ms
2026-02-22T15:13:25.215+01:00  INFO 28900 --- [discovery-service] [a-EvictionTimer] c.n.e.registry.AbstractInstanceRegistry  : Running the evict task with compensationTime 6ms
2026-02-22T15:14:25.216+01:00  INFO 28900 --- [discovery-service] [a-EvictionTimer] c.n.e.registry.AbstractInstanceRegistry  : Running the evict task with compensationTime 1ms
2026-02-22T15:15:25.216+01:00  INFO 28900 --- [discovery-service] [a-EvictionTimer] c.n.e.registry.AbstractInstanceRegistry  : Running the evict task with compensationTime 0ms
[INFO] ------------------------------------------------------------------------
[INFO] BUILD FAILURE
[INFO] ------------------------------------------------------------------------
[INFO] Total time:  20:07 min
[INFO] Finished at: 2026-02-22T15:16:08+01:00
[INFO] ------------------------------------------------------------------------
[ERROR] Failed to execute goal org.springframework.boot:spring-boot-maven-plugin:4.0.2:run (default-cli) on project discovery-service: Process terminated with exit code: -1 -> [Help 1]
[ERROR] 
[ERROR] To see the full stack trace of the errors, re-run Maven with the -e switch.
[ERROR] Re-run Maven using the -X switch to enable full debug logging.
[ERROR] 
[ERROR] For more information about the errors and possible solutions, please read the following articles:
[ERROR] [Help 1] http://cwiki.apache.org/confluence/display/MAVEN/MojoExecutionException
