[INFO] Scanning for projects...
[INFO] 
[INFO] ----------------------< org.example:api-gateway >-----------------------
[INFO] Building api-gateway 0.0.1-SNAPSHOT
[INFO]   from pom.xml
[INFO] --------------------------------[ jar ]---------------------------------
[INFO] 
[INFO] >>> spring-boot:3.2.5:run (default-cli) > test-compile @ api-gateway >>>
[INFO] 
[INFO] --- resources:3.3.1:resources (default-resources) @ api-gateway ---
[INFO] Copying 1 resource from src\main\resources to target\classes
[INFO] Copying 0 resource from src\main\resources to target\classes
[INFO] 
[INFO] --- compiler:3.11.0:compile (default-compile) @ api-gateway ---
[INFO] Nothing to compile - all classes are up to date
[INFO] 
[INFO] --- resources:3.3.1:testResources (default-testResources) @ api-gateway ---
[INFO] skip non existing resourceDirectory C:\Users\chife\IdeaProjects\PIdev\PIdev\backend\Api-Gateway\src\test\resources
[INFO] 
[INFO] --- compiler:3.11.0:testCompile (default-testCompile) @ api-gateway ---
[INFO] Nothing to compile - all classes are up to date
[INFO] 
[INFO] <<< spring-boot:3.2.5:run (default-cli) < test-compile @ api-gateway <<<
[INFO] 
[INFO] 
[INFO] --- spring-boot:3.2.5:run (default-cli) @ api-gateway ---
[INFO] Attaching agents: []

  .   ____          _            __ _ _
 /\\ / ___'_ __ _ _(_)_ __  __ _ \ \ \ \
( ( )\___ | '_ | '_| | '_ \/ _` | \ \ \ \
 \\/  ___)| |_)| | | | | || (_| |  ) ) ) )
  '  |____| .__|_| |_|_| |_\__, | / / / /
 =========|_|==============|___/=/_/_/_/
 :: Spring Boot ::                (v3.2.5)

2026-02-22T14:46:11.732+01:00  INFO 27880 --- [Api-Gateway] [           main] o.e.apigateway.ApiGatewayApplication     : Starting ApiGatewayApplication using Java 17.0.18 with PID 27880 (C:\Users\chife\IdeaProjects\PIdev\PIdev\backend\Api-Gateway\target\classes started by chife in C:\Users\chife\IdeaProjects\PIdev\PIdev\backend\Api-Gateway)
2026-02-22T14:46:11.737+01:00  INFO 27880 --- [Api-Gateway] [           main] o.e.apigateway.ApiGatewayApplication     : No active profile set, falling back to 1 default profile: "default"
2026-02-22T14:46:13.534+01:00  INFO 27880 --- [Api-Gateway] [           main] o.s.cloud.context.scope.GenericScope     : BeanFactory id=aa707265-8bdc-3675-9ce5-e5f33efad735
2026-02-22T14:46:13.630+01:00  WARN 27880 --- [Api-Gateway] [           main] trationDelegate$BeanPostProcessorChecker : Bean 'org.springframework.cloud.client.loadbalancer.LoadBalancerAutoConfiguration$DeferringLoadBalancerInterceptorConfig' of type [org.springframework.cloud.client.loadbalancer.LoadBalancerAutoConfiguration$DeferringLoadBalancerInterceptorConfig] is not eligible for getting processed by all BeanPostProcessors (for example: not eligible for auto-proxying). The currently created BeanPostProcessor [lbRestClientPostProcessor] is declared through a non-static factory method on that class; consider declaring it as static instead.
2026-02-22T14:46:13.633+01:00  WARN 27880 --- [Api-Gateway] [           main] trationDelegate$BeanPostProcessorChecker : Bean 'deferringLoadBalancerInterceptor' of type [org.springframework.cloud.client.loadbalancer.DeferringLoadBalancerInterceptor] is not eligible for getting processed by all BeanPostProcessors (for example: not eligible for auto-proxying). Is this bean getting eagerly injected into a currently created BeanPostProcessor [lbRestClientPostProcessor]? Check the corresponding BeanPostProcessor declaration and its dependencies.
2026-02-22T14:46:13.635+01:00  WARN 27880 --- [Api-Gateway] [           main] trationDelegate$BeanPostProcessorChecker : Bean 'org.springframework.cloud.client.loadbalancer.reactive.LoadBalancerBeanPostProcessorAutoConfiguration' of type [org.springframework.cloud.client.loadbalancer.reactive.LoadBalancerBeanPostProcessorAutoConfiguration] is not eligible for getting processed by all BeanPostProcessors (for example: not eligible for auto-proxying). The currently created BeanPostProcessor [loadBalancerWebClientBuilderBeanPostProcessor] is declared through a non-static factory method on that class; consider declaring it as static instead.
2026-02-22T14:46:13.637+01:00  WARN 27880 --- [Api-Gateway] [           main] trationDelegate$BeanPostProcessorChecker : Bean 'org.springframework.cloud.client.loadbalancer.reactive.LoadBalancerBeanPostProcessorAutoConfiguration$ReactorDeferringLoadBalancerFilterConfig' of type [org.springframework.cloud.client.loadbalancer.reactive.LoadBalancerBeanPostProcessorAutoConfiguration$ReactorDeferringLoadBalancerFilterConfig] is not eligible for getting processed by all BeanPostProcessors (for example: not eligible for auto-proxying). Is this bean getting eagerly injected into a currently created BeanPostProcessor [loadBalancerWebClientBuilderBeanPostProcessor]? Check the corresponding BeanPostProcessor declaration and its dependencies.
2026-02-22T14:46:13.638+01:00  WARN 27880 --- [Api-Gateway] [           main] trationDelegate$BeanPostProcessorChecker : Bean 'reactorDeferringLoadBalancerExchangeFilterFunction' of type [org.springframework.cloud.client.loadbalancer.reactive.DeferringLoadBalancerExchangeFilterFunction] is not eligible for getting processed by all BeanPostProcessors (for example: not eligible for auto-proxying). Is this bean getting eagerly injected into a currently created BeanPostProcessor [loadBalancerWebClientBuilderBeanPostProcessor]? Check the corresponding BeanPostProcessor declaration and its dependencies.
2026-02-22T14:46:15.901+01:00  INFO 27880 --- [Api-Gateway] [           main] o.s.cloud.commons.util.InetUtils         : Cannot determine local hostname
2026-02-22T14:46:16.143+01:00  INFO 27880 --- [Api-Gateway] [           main] o.s.c.g.r.RouteDefinitionRouteLocator    : Loaded RoutePredicateFactory [After]
2026-02-22T14:46:16.144+01:00  INFO 27880 --- [Api-Gateway] [           main] o.s.c.g.r.RouteDefinitionRouteLocator    : Loaded RoutePredicateFactory [Before]
2026-02-22T14:46:16.144+01:00  INFO 27880 --- [Api-Gateway] [           main] o.s.c.g.r.RouteDefinitionRouteLocator    : Loaded RoutePredicateFactory [Between]
2026-02-22T14:46:16.144+01:00  INFO 27880 --- [Api-Gateway] [           main] o.s.c.g.r.RouteDefinitionRouteLocator    : Loaded RoutePredicateFactory [Cookie]
2026-02-22T14:46:16.145+01:00  INFO 27880 --- [Api-Gateway] [           main] o.s.c.g.r.RouteDefinitionRouteLocator    : Loaded RoutePredicateFactory [Header]
2026-02-22T14:46:16.145+01:00  INFO 27880 --- [Api-Gateway] [           main] o.s.c.g.r.RouteDefinitionRouteLocator    : Loaded RoutePredicateFactory [Host]
2026-02-22T14:46:16.145+01:00  INFO 27880 --- [Api-Gateway] [           main] o.s.c.g.r.RouteDefinitionRouteLocator    : Loaded RoutePredicateFactory [Method]
2026-02-22T14:46:16.145+01:00  INFO 27880 --- [Api-Gateway] [           main] o.s.c.g.r.RouteDefinitionRouteLocator    : Loaded RoutePredicateFactory [Path]
2026-02-22T14:46:16.146+01:00  INFO 27880 --- [Api-Gateway] [           main] o.s.c.g.r.RouteDefinitionRouteLocator    : Loaded RoutePredicateFactory [Query]
2026-02-22T14:46:16.146+01:00  INFO 27880 --- [Api-Gateway] [           main] o.s.c.g.r.RouteDefinitionRouteLocator    : Loaded RoutePredicateFactory [ReadBody]
2026-02-22T14:46:16.146+01:00  INFO 27880 --- [Api-Gateway] [           main] o.s.c.g.r.RouteDefinitionRouteLocator    : Loaded RoutePredicateFactory [RemoteAddr]
2026-02-22T14:46:16.147+01:00  INFO 27880 --- [Api-Gateway] [           main] o.s.c.g.r.RouteDefinitionRouteLocator    : Loaded RoutePredicateFactory [XForwardedRemoteAddr]
2026-02-22T14:46:16.147+01:00  INFO 27880 --- [Api-Gateway] [           main] o.s.c.g.r.RouteDefinitionRouteLocator    : Loaded RoutePredicateFactory [Weight]
2026-02-22T14:46:16.148+01:00  INFO 27880 --- [Api-Gateway] [           main] o.s.c.g.r.RouteDefinitionRouteLocator    : Loaded RoutePredicateFactory [CloudFoundryRouteService]
2026-02-22T14:46:17.710+01:00  INFO 27880 --- [Api-Gateway] [           main] o.s.cloud.commons.util.InetUtils         : Cannot determine local hostname
2026-02-22T14:46:19.223+01:00  INFO 27880 --- [Api-Gateway] [           main] o.s.cloud.commons.util.InetUtils         : Cannot determine local hostname
2026-02-22T14:46:19.253+01:00  INFO 27880 --- [Api-Gateway] [           main] o.s.b.a.e.web.EndpointLinksResolver      : Exposing 1 endpoint(s) beneath base path '/actuator'
2026-02-22T14:46:19.389+01:00  INFO 27880 --- [Api-Gateway] [           main] DiscoveryClientOptionalArgsConfiguration : Eureka HTTP Client uses RestTemplate.
2026-02-22T14:46:19.404+01:00  WARN 27880 --- [Api-Gateway] [           main] iguration$LoadBalancerCaffeineWarnLogger : Spring Cloud LoadBalancer is currently working with the default cache. While this cache implementation is useful for development and tests, it's recommended to use Caffeine cache in production.You can switch to using Caffeine cache, by adding it and org.springframework.cache.caffeine.CaffeineCacheManager to the classpath.
2026-02-22T14:46:19.433+01:00  INFO 27880 --- [Api-Gateway] [           main] o.s.c.n.eureka.InstanceInfoFactory       : Setting initial instance status as: STARTING
2026-02-22T14:46:19.448+01:00  INFO 27880 --- [Api-Gateway] [           main] com.netflix.discovery.DiscoveryClient    : Initializing Eureka in region us-east-1
2026-02-22T14:46:19.452+01:00  INFO 27880 --- [Api-Gateway] [           main] c.n.d.s.r.aws.ConfigClusterResolver      : Resolving eureka endpoints via configuration
2026-02-22T14:46:19.458+01:00  INFO 27880 --- [Api-Gateway] [           main] com.netflix.discovery.DiscoveryClient    : Disable delta property : false
2026-02-22T14:46:19.459+01:00  INFO 27880 --- [Api-Gateway] [           main] com.netflix.discovery.DiscoveryClient    : Single vip registry refresh property : null
2026-02-22T14:46:19.459+01:00  INFO 27880 --- [Api-Gateway] [           main] com.netflix.discovery.DiscoveryClient    : Force full registry fetch : false
2026-02-22T14:46:19.459+01:00  INFO 27880 --- [Api-Gateway] [           main] com.netflix.discovery.DiscoveryClient    : Application is null : false
2026-02-22T14:46:19.459+01:00  INFO 27880 --- [Api-Gateway] [           main] com.netflix.discovery.DiscoveryClient    : Registered Applications size is zero : true
2026-02-22T14:46:19.459+01:00  INFO 27880 --- [Api-Gateway] [           main] com.netflix.discovery.DiscoveryClient    : Application version is -1: true
2026-02-22T14:46:19.459+01:00  INFO 27880 --- [Api-Gateway] [           main] com.netflix.discovery.DiscoveryClient    : Getting all instance registry info from the eureka server
2026-02-22T14:46:19.748+01:00  INFO 27880 --- [Api-Gateway] [           main] com.netflix.discovery.DiscoveryClient    : The response status is 200
2026-02-22T14:46:19.750+01:00  INFO 27880 --- [Api-Gateway] [           main] com.netflix.discovery.DiscoveryClient    : Starting heartbeat executor: renew interval is: 30
2026-02-22T14:46:19.752+01:00  INFO 27880 --- [Api-Gateway] [           main] c.n.discovery.InstanceInfoReplicator     : InstanceInfoReplicator onDemand update allowed rate per min is 4
2026-02-22T14:46:19.754+01:00  INFO 27880 --- [Api-Gateway] [           main] com.netflix.discovery.DiscoveryClient    : Discovery Client initialized at timestamp 1771767979753 with initial instances count: 1
2026-02-22T14:46:19.756+01:00  INFO 27880 --- [Api-Gateway] [           main] o.s.c.n.e.s.EurekaServiceRegistry        : Registering application API-GATEWAY with eureka with status UP
2026-02-22T14:46:19.756+01:00  INFO 27880 --- [Api-Gateway] [           main] com.netflix.discovery.DiscoveryClient    : Saw local status change event StatusChangeEvent [timestamp=1771767979756, current=UP, previous=STARTING]
2026-02-22T14:46:19.757+01:00  INFO 27880 --- [Api-Gateway] [foReplicator-%d] com.netflix.discovery.DiscoveryClient    : DiscoveryClient_API-GATEWAY/localhost:Api-Gateway:8070: registering service...
2026-02-22T14:46:19.788+01:00  INFO 27880 --- [Api-Gateway] [foReplicator-%d] com.netflix.discovery.DiscoveryClient    : DiscoveryClient_API-GATEWAY/localhost:Api-Gateway:8070 - registration status: 204
2026-02-22T14:46:22.073+01:00  INFO 27880 --- [Api-Gateway] [           main] o.s.c.n.e.s.EurekaServiceRegistry        : Unregistering application API-GATEWAY with eureka with status DOWN
2026-02-22T14:46:22.081+01:00  INFO 27880 --- [Api-Gateway] [           main] com.netflix.discovery.DiscoveryClient    : Saw local status change event StatusChangeEvent [timestamp=1771767982081, current=DOWN, previous=UP]
2026-02-22T14:46:22.081+01:00  INFO 27880 --- [Api-Gateway] [foReplicator-%d] com.netflix.discovery.DiscoveryClient    : DiscoveryClient_API-GATEWAY/localhost:Api-Gateway:8070: registering service...
2026-02-22T14:46:22.081+01:00  WARN 27880 --- [Api-Gateway] [           main] onfigReactiveWebServerApplicationContext : Exception encountered during context initialization - cancelling refresh attempt: org.springframework.context.ApplicationContextException: Failed to start bean 'webServerStartStop'
2026-02-22T14:46:22.083+01:00  INFO 27880 --- [Api-Gateway] [           main] com.netflix.discovery.DiscoveryClient    : Shutting down DiscoveryClient ...
2026-02-22T14:46:22.089+01:00  INFO 27880 --- [Api-Gateway] [foReplicator-%d] com.netflix.discovery.DiscoveryClient    : DiscoveryClient_API-GATEWAY/localhost:Api-Gateway:8070 - registration status: 204
2026-02-22T14:46:22.089+01:00  INFO 27880 --- [Api-Gateway] [           main] com.netflix.discovery.DiscoveryClient    : Unregistering ...
2026-02-22T14:46:22.095+01:00  INFO 27880 --- [Api-Gateway] [           main] com.netflix.discovery.DiscoveryClient    : DiscoveryClient_API-GATEWAY/localhost:Api-Gateway:8070 - deregister  status: 200
2026-02-22T14:46:22.095+01:00  INFO 27880 --- [Api-Gateway] [           main] com.netflix.discovery.DiscoveryClient    : Completed shut down of DiscoveryClient
2026-02-22T14:46:22.104+01:00  INFO 27880 --- [Api-Gateway] [           main] .s.b.a.l.ConditionEvaluationReportLogger : 

Error starting ApplicationContext. To display the condition evaluation report re-run your application with 'debug' enabled.
2026-02-22T14:46:22.117+01:00 ERROR 27880 --- [Api-Gateway] [           main] o.s.b.d.LoggingFailureAnalysisReporter   : 

***************************
APPLICATION FAILED TO START
***************************

Description:

Web server failed to start. Port 8070 was already in use.

Action:

Identify and stop the process that's listening on port 8070 or configure this application to listen on another port.

[INFO] ------------------------------------------------------------------------
[INFO] BUILD FAILURE
[INFO] ------------------------------------------------------------------------
[INFO] Total time:  16.683 s
[INFO] Finished at: 2026-02-22T14:46:22+01:00
[INFO] ------------------------------------------------------------------------
[ERROR] Failed to execute goal org.springframework.boot:spring-boot-maven-plugin:3.2.5:run (default-cli) on project api-gateway: Process terminated with exit code: 1 -> [Help 1]
[ERROR] 
[ERROR] To see the full stack trace of the errors, re-run Maven with the -e switch.
[ERROR] Re-run Maven using the -X switch to enable full debug logging.
[ERROR] 
[ERROR] For more information about the errors and possible solutions, please read the following articles:
[ERROR] [Help 1] http://cwiki.apache.org/confluence/display/MAVEN/MojoExecutionException
