[INFO] Scanning for projects...
[INFO] 
[INFO] ----------------------< esprit:dialysis-service >-----------------------
[INFO] Building dialysis-service 0.0.1-SNAPSHOT
[INFO]   from pom.xml
[INFO] --------------------------------[ jar ]---------------------------------
[INFO] 
[INFO] >>> spring-boot:3.1.12:run (default-cli) > test-compile @ dialysis-service >>>
[INFO] 
[INFO] --- resources:3.3.1:resources (default-resources) @ dialysis-service ---
[INFO] Copying 1 resource from src\main\resources to target\classes
[INFO] Copying 0 resource from src\main\resources to target\classes
[INFO] 
[INFO] --- compiler:3.10.1:compile (default-compile) @ dialysis-service ---
[INFO] Nothing to compile - all classes are up to date
[INFO] 
[INFO] --- resources:3.3.1:testResources (default-testResources) @ dialysis-service ---
[INFO] skip non existing resourceDirectory C:\Users\chife\IdeaProjects\PIdev\PIdev\backend\dialysis-service\src\test\resources
[INFO] 
[INFO] --- compiler:3.10.1:testCompile (default-testCompile) @ dialysis-service ---
[INFO] Nothing to compile - all classes are up to date
[INFO] 
[INFO] <<< spring-boot:3.1.12:run (default-cli) < test-compile @ dialysis-service <<<
[INFO] 
[INFO] 
[INFO] --- spring-boot:3.1.12:run (default-cli) @ dialysis-service ---
[INFO] Attaching agents: []

  .   ____          _            __ _ _
 /\\ / ___'_ __ _ _(_)_ __  __ _ \ \ \ \
( ( )\___ | '_ | '_| | '_ \/ _` | \ \ \ \
 \\/  ___)| |_)| | | | | || (_| |  ) ) ) )
  '  |____| .__|_| |_|_| |_\__, | / / / /
 =========|_|==============|___/=/_/_/_/
 :: Spring Boot ::               (v3.1.12)

2026-02-22T15:16:33.387+01:00  INFO 29372 --- [           main] e.d.DialysisServiceApplication           : Starting DialysisServiceApplication using Java 17.0.18 with PID 29372 (C:\Users\chife\IdeaProjects\PIdev\PIdev\backend\dialysis-service\target\classes started by chife in C:\Users\chife\IdeaProjects\PIdev\PIdev\backend\dialysis-service)
2026-02-22T15:16:33.388+01:00  INFO 29372 --- [           main] e.d.DialysisServiceApplication           : No active profile set, falling back to 1 default profile: "default"
2026-02-22T15:16:33.811+01:00  INFO 29372 --- [           main] .s.d.r.c.RepositoryConfigurationDelegate : Bootstrapping Spring Data JPA repositories in DEFAULT mode.
2026-02-22T15:16:33.921+01:00  INFO 29372 --- [           main] .s.d.r.c.RepositoryConfigurationDelegate : Finished Spring Data repository scanning in 104 ms. Found 2 JPA repository interfaces.
2026-02-22T15:16:34.064+01:00  INFO 29372 --- [           main] o.s.cloud.context.scope.GenericScope     : BeanFactory id=10b802f8-73e7-39a1-b935-b758812df602
2026-02-22T15:16:34.358+01:00  INFO 29372 --- [           main] o.s.b.w.embedded.tomcat.TomcatWebServer  : Tomcat initialized with port(s): 8075 (http)
2026-02-22T15:16:34.365+01:00  INFO 29372 --- [           main] o.apache.catalina.core.StandardService   : Starting service [Tomcat]
2026-02-22T15:16:34.365+01:00  INFO 29372 --- [           main] o.apache.catalina.core.StandardEngine    : Starting Servlet engine: [Apache Tomcat/10.1.24]
2026-02-22T15:16:34.441+01:00  INFO 29372 --- [           main] o.a.c.c.C.[Tomcat].[localhost].[/]       : Initializing Spring embedded WebApplicationContext
2026-02-22T15:16:34.442+01:00  INFO 29372 --- [           main] w.s.c.ServletWebServerApplicationContext : Root WebApplicationContext: initialization completed in 1023 ms
2026-02-22T15:16:34.547+01:00  INFO 29372 --- [           main] o.hibernate.jpa.internal.util.LogHelper  : HHH000204: Processing PersistenceUnitInfo [name: default]
2026-02-22T15:16:34.605+01:00  INFO 29372 --- [           main] org.hibernate.Version                    : HHH000412: Hibernate ORM core version 6.2.25.Final
2026-02-22T15:16:34.606+01:00  INFO 29372 --- [           main] org.hibernate.cfg.Environment            : HHH000406: Using bytecode reflection optimizer
2026-02-22T15:16:34.805+01:00  INFO 29372 --- [           main] o.s.o.j.p.SpringPersistenceUnitInfo      : No LoadTimeWeaver setup: ignoring JPA class transformer
2026-02-22T15:16:34.826+01:00  INFO 29372 --- [           main] com.zaxxer.hikari.HikariDataSource       : HikariPool-1 - Starting...
2026-02-22T15:16:34.938+01:00  INFO 29372 --- [           main] com.zaxxer.hikari.pool.HikariPool        : HikariPool-1 - Added connection com.mysql.cj.jdbc.ConnectionImpl@138a85d3
2026-02-22T15:16:34.940+01:00  INFO 29372 --- [           main] com.zaxxer.hikari.HikariDataSource       : HikariPool-1 - Start completed.
2026-02-22T15:16:34.981+01:00  WARN 29372 --- [           main] org.hibernate.dialect.Dialect            : HHH000511: The 5.5.0 version for [org.hibernate.dialect.MySQLDialect] is no longer supported, hence certain features may not work properly. The minimum supported version is 5.7.0. Check the community dialects project for available legacy versions.
2026-02-22T15:16:35.612+01:00  INFO 29372 --- [           main] o.h.e.t.j.p.i.JtaPlatformInitiator       : HHH000489: No JTA platform available (set 'hibernate.transaction.jta.platform' to enable JTA platform integration)
2026-02-22T15:16:35.702+01:00  INFO 29372 --- [           main] j.LocalContainerEntityManagerFactoryBean : Initialized JPA EntityManagerFactory for persistence unit 'default'
2026-02-22T15:16:35.937+01:00  WARN 29372 --- [           main] JpaBaseConfiguration$JpaWebConfiguration : spring.jpa.open-in-view is enabled by default. Therefore, database queries may be performed during view rendering. Explicitly configure spring.jpa.open-in-view to disable this warning
2026-02-22T15:16:37.618+01:00  INFO 29372 --- [           main] o.s.cloud.commons.util.InetUtils         : Cannot determine local hostname
2026-02-22T15:16:37.640+01:00  INFO 29372 --- [           main] DiscoveryClientOptionalArgsConfiguration : Eureka HTTP Client uses RestTemplate.
2026-02-22T15:16:39.076+01:00  INFO 29372 --- [           main] o.s.cloud.commons.util.InetUtils         : Cannot determine local hostname
2026-02-22T15:16:39.127+01:00  WARN 29372 --- [           main] iguration$LoadBalancerCaffeineWarnLogger : Spring Cloud LoadBalancer is currently working with the default cache. While this cache implementation is useful for development and tests, it's recommended to use Caffeine cache in production.You can switch to using Caffeine cache, by adding it and org.springframework.cache.caffeine.CaffeineCacheManager to the classpath.
2026-02-22T15:16:39.138+01:00  INFO 29372 --- [           main] o.s.c.n.eureka.InstanceInfoFactory       : Setting initial instance status as: STARTING
2026-02-22T15:16:39.182+01:00  INFO 29372 --- [           main] com.netflix.discovery.DiscoveryClient    : Initializing Eureka in region us-east-1
2026-02-22T15:16:39.185+01:00  INFO 29372 --- [           main] c.n.d.s.r.aws.ConfigClusterResolver      : Resolving eureka endpoints via configuration
2026-02-22T15:16:39.198+01:00  INFO 29372 --- [           main] com.netflix.discovery.DiscoveryClient    : Disable delta property : false
2026-02-22T15:16:39.198+01:00  INFO 29372 --- [           main] com.netflix.discovery.DiscoveryClient    : Single vip registry refresh property : null
2026-02-22T15:16:39.199+01:00  INFO 29372 --- [           main] com.netflix.discovery.DiscoveryClient    : Force full registry fetch : false
2026-02-22T15:16:39.199+01:00  INFO 29372 --- [           main] com.netflix.discovery.DiscoveryClient    : Application is null : false
2026-02-22T15:16:39.199+01:00  INFO 29372 --- [           main] com.netflix.discovery.DiscoveryClient    : Registered Applications size is zero : true
2026-02-22T15:16:39.199+01:00  INFO 29372 --- [           main] com.netflix.discovery.DiscoveryClient    : Application version is -1: true
2026-02-22T15:16:39.199+01:00  INFO 29372 --- [           main] com.netflix.discovery.DiscoveryClient    : Getting all instance registry info from the eureka server
2026-02-22T15:16:39.404+01:00  INFO 29372 --- [           main] com.netflix.discovery.DiscoveryClient    : The response status is 200
2026-02-22T15:16:39.407+01:00  INFO 29372 --- [           main] com.netflix.discovery.DiscoveryClient    : Starting heartbeat executor: renew interval is: 30
2026-02-22T15:16:39.409+01:00  INFO 29372 --- [           main] c.n.discovery.InstanceInfoReplicator     : InstanceInfoReplicator onDemand update allowed rate per min is 4
2026-02-22T15:16:39.411+01:00  INFO 29372 --- [           main] com.netflix.discovery.DiscoveryClient    : Discovery Client initialized at timestamp 1771769799411 with initial instances count: 0
2026-02-22T15:16:39.414+01:00  INFO 29372 --- [           main] o.s.c.n.e.s.EurekaServiceRegistry        : Registering application DIALYSIS-SERVICE with eureka with status UP
2026-02-22T15:16:39.414+01:00  INFO 29372 --- [           main] com.netflix.discovery.DiscoveryClient    : Saw local status change event StatusChangeEvent [timestamp=1771769799414, current=UP, previous=STARTING]
2026-02-22T15:16:39.415+01:00  INFO 29372 --- [nfoReplicator-0] com.netflix.discovery.DiscoveryClient    : DiscoveryClient_DIALYSIS-SERVICE/localhost:dialysis-service:8075: registering service...
2026-02-22T15:16:39.428+01:00  INFO 29372 --- [           main] o.s.b.w.embedded.tomcat.TomcatWebServer  : Tomcat started on port(s): 8075 (http) with context path ''
2026-02-22T15:16:39.428+01:00  INFO 29372 --- [           main] .s.c.n.e.s.EurekaAutoServiceRegistration : Updating port to 8075
2026-02-22T15:16:39.442+01:00  INFO 29372 --- [nfoReplicator-0] com.netflix.discovery.DiscoveryClient    : DiscoveryClient_DIALYSIS-SERVICE/localhost:dialysis-service:8075 - registration status: 204
2026-02-22T15:16:40.802+01:00  INFO 29372 --- [           main] o.s.cloud.commons.util.InetUtils         : Cannot determine local hostname
2026-02-22T15:16:40.811+01:00  INFO 29372 --- [           main] e.d.DialysisServiceApplication           : Started DialysisServiceApplication in 9.178 seconds (process running for 9.544)
2026-02-22T15:17:09.409+01:00  INFO 29372 --- [freshExecutor-0] com.netflix.discovery.DiscoveryClient    : Disable delta property : false
2026-02-22T15:17:09.411+01:00  INFO 29372 --- [freshExecutor-0] com.netflix.discovery.DiscoveryClient    : Single vip registry refresh property : null
2026-02-22T15:17:09.412+01:00  INFO 29372 --- [freshExecutor-0] com.netflix.discovery.DiscoveryClient    : Force full registry fetch : false
2026-02-22T15:17:09.413+01:00  INFO 29372 --- [freshExecutor-0] com.netflix.discovery.DiscoveryClient    : Application is null : false
2026-02-22T15:17:09.413+01:00  INFO 29372 --- [freshExecutor-0] com.netflix.discovery.DiscoveryClient    : Registered Applications size is zero : true
2026-02-22T15:17:09.415+01:00  INFO 29372 --- [freshExecutor-0] com.netflix.discovery.DiscoveryClient    : Application version is -1: false
2026-02-22T15:17:09.415+01:00  INFO 29372 --- [freshExecutor-0] com.netflix.discovery.DiscoveryClient    : Getting all instance registry info from the eureka server
2026-02-22T15:17:09.461+01:00  INFO 29372 --- [freshExecutor-0] com.netflix.discovery.DiscoveryClient    : The response status is 200
2026-02-22T15:21:39.204+01:00  INFO 29372 --- [trap-executor-0] c.n.d.s.r.aws.ConfigClusterResolver      : Resolving eureka endpoints via configuration
