[INFO] Scanning for projects...
[INFO] 
[INFO] ----------------------< esprit:discovery-service >----------------------
[INFO] Building discovery-service 0.0.1-SNAPSHOT
[INFO]   from pom.xml
[INFO] --------------------------------[ jar ]---------------------------------
[INFO] 
[INFO] >>> spring-boot:4.0.2:run (default-cli) > test-compile @ discovery-service >>>
[INFO] 
[INFO] --- resources:3.3.1:resources (default-resources) @ discovery-service ---
[INFO] Copying 1 resource from src\main\resources to target\classes
[INFO] Copying 0 resource from src\main\resources to target\classes
[INFO] 
[INFO] --- compiler:3.14.1:compile (default-compile) @ discovery-service ---
[INFO] Nothing to compile - all classes are up to date.
[INFO] 
[INFO] --- resources:3.3.1:testResources (default-testResources) @ discovery-service ---
[INFO] skip non existing resourceDirectory C:\Users\chife\IdeaProjects\PIdev\PIdev\backend\discovery-service\src\test\resources
[INFO] 
[INFO] --- compiler:3.14.1:testCompile (default-testCompile) @ discovery-service ---
[INFO] Nothing to compile - all classes are up to date.
[INFO] 
[INFO] <<< spring-boot:4.0.2:run (default-cli) < test-compile @ discovery-service <<<
[INFO] 
[INFO] 
[INFO] --- spring-boot:4.0.2:run (default-cli) @ discovery-service ---
[INFO] Attaching agents: []

  .   ____          _            __ _ _
 /\\ / ___'_ __ _ _(_)_ __  __ _ \ \ \ \
( ( )\___ | '_ | '_| | '_ \/ _` | \ \ \ \
 \\/  ___)| |_)| | | | | || (_| |  ) ) ) )
  '  |____| .__|_| |_|_| |_\__, | / / / /
 =========|_|==============|___/=/_/_/_/

 :: Spring Boot ::                (v4.0.2)

2026-02-22T15:16:15.138+01:00  INFO 19324 --- [discovery-service] [           main] e.d.DiscoveryServiceApplication          : Starting DiscoveryServiceApplication using Java 17.0.18 with PID 19324 (C:\Users\chife\IdeaProjects\PIdev\PIdev\backend\discovery-service\target\classes started by chife in C:\Users\chife\IdeaProjects\PIdev\PIdev\backend\discovery-service)
2026-02-22T15:16:15.141+01:00  INFO 19324 --- [discovery-service] [           main] e.d.DiscoveryServiceApplication          : No active profile set, falling back to 1 default profile: "default"
2026-02-22T15:16:15.756+01:00  INFO 19324 --- [discovery-service] [           main] o.s.cloud.context.scope.GenericScope     : BeanFactory id=da011436-bb5d-361f-9831-315402db1280
2026-02-22T15:16:15.972+01:00  INFO 19324 --- [discovery-service] [           main] o.s.boot.tomcat.TomcatWebServer          : Tomcat initialized with port 8761 (http)
2026-02-22T15:16:15.981+01:00  INFO 19324 --- [discovery-service] [           main] o.apache.catalina.core.StandardService   : Starting service [Tomcat]
2026-02-22T15:16:15.982+01:00  INFO 19324 --- [discovery-service] [           main] o.apache.catalina.core.StandardEngine    : Starting Servlet engine: [Apache Tomcat/11.0.15]
2026-02-22T15:16:16.037+01:00  INFO 19324 --- [discovery-service] [           main] b.w.c.s.WebApplicationContextInitializer : Root WebApplicationContext: initialization completed in 860 ms
2026-02-22T15:16:16.582+01:00  INFO 19324 --- [discovery-service] [           main] c.n.d.provider.DiscoveryJerseyProvider   : Using JSON encoding codec LegacyJacksonJson
2026-02-22T15:16:16.583+01:00  INFO 19324 --- [discovery-service] [           main] c.n.d.provider.DiscoveryJerseyProvider   : Using JSON decoding codec LegacyJacksonJson
2026-02-22T15:16:16.689+01:00  INFO 19324 --- [discovery-service] [           main] c.n.d.provider.DiscoveryJerseyProvider   : Using XML encoding codec XStreamXml
2026-02-22T15:16:16.690+01:00  INFO 19324 --- [discovery-service] [           main] c.n.d.provider.DiscoveryJerseyProvider   : Using XML decoding codec XStreamXml
2026-02-22T15:16:16.796+01:00  INFO 19324 --- [discovery-service] [           main] o.s.v.b.OptionalValidatorFactoryBean     : Failed to set up a Bean Validation provider: jakarta.validation.NoProviderFoundException: Unable to create a Configuration, because no Jakarta Validation provider could be found. Add a provider like Hibernate Validator (RI) to your classpath.
2026-02-22T15:16:18.337+01:00  INFO 19324 --- [discovery-service] [           main] o.s.cloud.commons.util.InetUtils         : Cannot determine local hostname
2026-02-22T15:16:19.801+01:00  INFO 19324 --- [discovery-service] [           main] o.s.cloud.commons.util.InetUtils         : Cannot determine local hostname
2026-02-22T15:16:19.858+01:00  WARN 19324 --- [discovery-service] [           main] iguration$LoadBalancerCaffeineWarnLogger : Spring Cloud LoadBalancer is currently working with the default cache. While this cache implementation is useful for development and tests, it's recommended to use Caffeine cache in production.You can switch to using Caffeine cache, by adding it and org.springframework.cache.caffeine.CaffeineCacheManager to the classpath.
2026-02-22T15:16:19.869+01:00  INFO 19324 --- [discovery-service] [           main] o.s.c.n.eureka.InstanceInfoFactory       : Setting initial instance status as: STARTING
2026-02-22T15:16:19.881+01:00  INFO 19324 --- [discovery-service] [           main] com.netflix.discovery.DiscoveryClient    : Initializing Eureka in region us-east-1
2026-02-22T15:16:19.881+01:00  INFO 19324 --- [discovery-service] [           main] com.netflix.discovery.DiscoveryClient    : Client configured to neither register nor query for data.
2026-02-22T15:16:19.884+01:00  INFO 19324 --- [discovery-service] [           main] com.netflix.discovery.DiscoveryClient    : Discovery Client initialized at timestamp 1771769779882 with initial instances count: 0
2026-02-22T15:16:19.909+01:00  INFO 19324 --- [discovery-service] [           main] c.n.eureka.DefaultEurekaServerContext    : Initializing ...
2026-02-22T15:16:19.911+01:00  WARN 19324 --- [discovery-service] [           main] c.n.eureka.cluster.PeerEurekaNodes       : The replica size seems to be empty. Check the route 53 DNS Registry
2026-02-22T15:16:19.919+01:00  INFO 19324 --- [discovery-service] [           main] c.n.e.registry.AbstractInstanceRegistry  : Finished initializing remote region registries. All known remote regions: []
2026-02-22T15:16:19.919+01:00  INFO 19324 --- [discovery-service] [           main] c.n.eureka.DefaultEurekaServerContext    : Initialized
2026-02-22T15:16:19.923+01:00  INFO 19324 --- [discovery-service] [           main] o.s.b.a.e.web.EndpointLinksResolver      : Exposing 1 endpoint beneath base path '/actuator'
2026-02-22T15:16:19.955+01:00  INFO 19324 --- [discovery-service] [           main] o.s.c.n.e.s.EurekaServiceRegistry        : Registering application DISCOVERY-SERVICE with eureka with status UP
2026-02-22T15:16:19.961+01:00  INFO 19324 --- [discovery-service] [      Thread-10] o.s.c.n.e.server.EurekaServerBootstrap   : isAws returned false
2026-02-22T15:16:19.962+01:00  INFO 19324 --- [discovery-service] [      Thread-10] o.s.c.n.e.server.EurekaServerBootstrap   : Initialized server context
2026-02-22T15:16:19.963+01:00  INFO 19324 --- [discovery-service] [      Thread-10] c.n.e.r.PeerAwareInstanceRegistryImpl    : Got 1 instances from neighboring DS node
2026-02-22T15:16:19.963+01:00  INFO 19324 --- [discovery-service] [      Thread-10] c.n.e.r.PeerAwareInstanceRegistryImpl    : Renew threshold is: 1
2026-02-22T15:16:19.963+01:00  INFO 19324 --- [discovery-service] [      Thread-10] c.n.e.r.PeerAwareInstanceRegistryImpl    : Changing status to UP
2026-02-22T15:16:19.964+01:00  INFO 19324 --- [discovery-service] [      Thread-10] e.s.EurekaServerInitializerConfiguration : Started Eureka Server
2026-02-22T15:16:19.983+01:00  INFO 19324 --- [discovery-service] [           main] o.s.boot.tomcat.TomcatWebServer          : Tomcat started on port 8761 (http) with context path '/'
2026-02-22T15:16:19.984+01:00  INFO 19324 --- [discovery-service] [           main] .s.c.n.e.s.EurekaAutoServiceRegistration : Updating port to 8761
2026-02-22T15:16:21.313+01:00  INFO 19324 --- [discovery-service] [           main] o.s.cloud.commons.util.InetUtils         : Cannot determine local hostname
2026-02-22T15:16:21.335+01:00  INFO 19324 --- [discovery-service] [           main] e.d.DiscoveryServiceApplication          : Started DiscoveryServiceApplication in 7.858 seconds (process running for 8.232)
2026-02-22T15:16:36.175+01:00  INFO 19324 --- [discovery-service] [nio-8761-exec-1] o.a.c.c.C.[Tomcat].[localhost].[/]       : Initializing Spring DispatcherServlet 'dispatcherServlet'
2026-02-22T15:16:36.175+01:00  INFO 19324 --- [discovery-service] [nio-8761-exec-1] o.s.web.servlet.DispatcherServlet        : Initializing Servlet 'dispatcherServlet'
2026-02-22T15:16:36.176+01:00  INFO 19324 --- [discovery-service] [nio-8761-exec-1] o.s.web.servlet.DispatcherServlet        : Completed initialization in 1 ms
2026-02-22T15:16:36.360+01:00  INFO 19324 --- [discovery-service] [nio-8761-exec-3] c.n.e.registry.AbstractInstanceRegistry  : Registered instance API-GATEWAY/localhost:Api-Gateway:8070 with status UP (replication=false)
2026-02-22T15:16:37.453+01:00  INFO 19324 --- [discovery-service] [io-8761-exec-10] c.n.e.registry.AbstractInstanceRegistry  : Registered instance USER-SERVICE/localhost:user-service:8069 with status UP (replication=false)
2026-02-22T15:16:37.483+01:00  INFO 19324 --- [discovery-service] [nio-8761-exec-6] c.n.e.registry.AbstractInstanceRegistry  : Registered instance CLINICAL-SERVICE/localhost:clinical-service:8079 with status UP (replication=false)
2026-02-22T15:16:39.441+01:00  INFO 19324 --- [discovery-service] [nio-8761-exec-2] c.n.e.registry.AbstractInstanceRegistry  : Registered instance DIALYSIS-SERVICE/localhost:dialysis-service:8075 with status UP (replication=false)
2026-02-22T15:16:39.998+01:00  INFO 19324 --- [discovery-service] [nio-8761-exec-8] c.n.e.registry.AbstractInstanceRegistry  : Registered instance PHARMACY-SERVICE/localhost:pharmacy-service:8087 with status UP (replication=false)
2026-02-22T15:17:19.965+01:00  INFO 19324 --- [discovery-service] [a-EvictionTimer] c.n.e.registry.AbstractInstanceRegistry  : Running the evict task with compensationTime 0ms
2026-02-22T15:18:19.965+01:00  INFO 19324 --- [discovery-service] [a-EvictionTimer] c.n.e.registry.AbstractInstanceRegistry  : Running the evict task with compensationTime 0ms
2026-02-22T15:18:26.717+01:00  INFO 19324 --- [discovery-service] [nio-8761-exec-3] c.n.e.registry.AbstractInstanceRegistry  : Registered instance API-GATEWAY/localhost:Api-Gateway:8070 with status UP (replication=false)
2026-02-22T15:18:29.033+01:00  INFO 19324 --- [discovery-service] [nio-8761-exec-4] c.n.e.registry.AbstractInstanceRegistry  : Registered instance API-GATEWAY/localhost:Api-Gateway:8070 with status DOWN (replication=false)
2026-02-22T15:18:29.039+01:00  INFO 19324 --- [discovery-service] [nio-8761-exec-9] c.n.e.registry.AbstractInstanceRegistry  : Cancelled instance API-GATEWAY/localhost:Api-Gateway:8070 (replication=false)
2026-02-22T15:18:32.722+01:00  INFO 19324 --- [discovery-service] [nio-8761-exec-8] c.n.e.registry.AbstractInstanceRegistry  : Registered instance USER-SERVICE/localhost:user-service:8069 with status DOWN (replication=false)
2026-02-22T15:18:32.726+01:00  INFO 19324 --- [discovery-service] [nio-8761-exec-1] c.n.e.registry.AbstractInstanceRegistry  : Registered instance USER-SERVICE/localhost:user-service:8069 with status DOWN (replication=false)
2026-02-22T15:18:32.730+01:00  INFO 19324 --- [discovery-service] [nio-8761-exec-3] c.n.e.registry.AbstractInstanceRegistry  : Cancelled instance USER-SERVICE/localhost:user-service:8069 (replication=false)
2026-02-22T15:18:36.400+01:00  WARN 19324 --- [discovery-service] [nio-8761-exec-6] c.n.e.registry.AbstractInstanceRegistry  : DS: Registry: lease doesn't exist, registering resource: API-GATEWAY - localhost:Api-Gateway:8070
2026-02-22T15:18:36.403+01:00  WARN 19324 --- [discovery-service] [nio-8761-exec-6] c.n.eureka.resources.InstanceResource    : Not Found (Renew): API-GATEWAY - localhost:Api-Gateway:8070
2026-02-22T15:18:36.454+01:00  INFO 19324 --- [discovery-service] [nio-8761-exec-2] c.n.e.registry.AbstractInstanceRegistry  : Registered instance API-GATEWAY/localhost:Api-Gateway:8070 with status UP (replication=false)
2026-02-22T15:18:37.537+01:00  WARN 19324 --- [discovery-service] [nio-8761-exec-7] c.n.e.registry.AbstractInstanceRegistry  : DS: Registry: lease doesn't exist, registering resource: USER-SERVICE - localhost:user-service:8069
2026-02-22T15:18:37.540+01:00  WARN 19324 --- [discovery-service] [nio-8761-exec-7] c.n.eureka.resources.InstanceResource    : Not Found (Renew): USER-SERVICE - localhost:user-service:8069
2026-02-22T15:18:37.547+01:00  INFO 19324 --- [discovery-service] [nio-8761-exec-8] c.n.e.registry.AbstractInstanceRegistry  : Registered instance USER-SERVICE/localhost:user-service:8069 with status UP (replication=false)
2026-02-22T15:19:19.975+01:00  INFO 19324 --- [discovery-service] [a-EvictionTimer] c.n.e.registry.AbstractInstanceRegistry  : Running the evict task with compensationTime 9ms
2026-02-22T15:20:19.975+01:00  INFO 19324 --- [discovery-service] [a-EvictionTimer] c.n.e.registry.AbstractInstanceRegistry  : Running the evict task with compensationTime 0ms
2026-02-22T15:21:19.976+01:00  INFO 19324 --- [discovery-service] [a-EvictionTimer] c.n.e.registry.AbstractInstanceRegistry  : Running the evict task with compensationTime 1ms
