[INFO] Scanning for projects...
[WARNING] 
[WARNING] Some problems were encountered while building the effective model for esprit:user-service:jar:0.0.1-SNAPSHOT
[WARNING] 'dependencies.dependency.(groupId:artifactId:type:classifier)' must be unique: com.mysql:mysql-connector-j:jar -> duplicate declaration of version (?) @ line 97, column 21
[WARNING] 'dependencies.dependency.(groupId:artifactId:type:classifier)' must be unique: com.mysql:mysql-connector-j:jar -> duplicate declaration of version (?) @ line 102, column 21
[WARNING] 
[WARNING] It is highly recommended to fix these problems because they threaten the stability of your build.
[WARNING] 
[WARNING] For this reason, future Maven versions might no longer support building such malformed projects.
[WARNING] 
[INFO] 
[INFO] ------------------------< esprit:user-service >-------------------------
[INFO] Building user-service 0.0.1-SNAPSHOT
[INFO]   from pom.xml
[INFO] --------------------------------[ jar ]---------------------------------
[INFO] 
[INFO] >>> spring-boot:4.0.2:run (default-cli) > test-compile @ user-service >>>
[INFO] 
[INFO] --- resources:3.3.1:resources (default-resources) @ user-service ---
[INFO] Copying 1 resource from src\main\resources to target\classes
[INFO] Copying 2 resources from src\main\resources to target\classes
[INFO] 
[INFO] --- compiler:3.14.1:compile (default-compile) @ user-service ---
[INFO] Nothing to compile - all classes are up to date.
[INFO] 
[INFO] --- resources:3.3.1:testResources (default-testResources) @ user-service ---
[INFO] skip non existing resourceDirectory C:\Users\chife\IdeaProjects\PIdev\PIdev\backend\user-service\src\test\resources
[INFO] 
[INFO] --- compiler:3.14.1:testCompile (default-testCompile) @ user-service ---
[INFO] Nothing to compile - all classes are up to date.
[INFO] 
[INFO] <<< spring-boot:4.0.2:run (default-cli) < test-compile @ user-service <<<
[INFO] 
[INFO] 
[INFO] --- spring-boot:4.0.2:run (default-cli) @ user-service ---
[INFO] Attaching agents: []

  .   ____          _            __ _ _
 /\\ / ___'_ __ _ _(_)_ __  __ _ \ \ \ \
( ( )\___ | '_ | '_| | '_ \/ _` | \ \ \ \
 \\/  ___)| |_)| | | | | || (_| |  ) ) ) )
  '  |____| .__|_| |_|_| |_\__, | / / / /
 =========|_|==============|___/=/_/_/_/

 :: Spring Boot ::                (v4.0.2)

2026-02-22T15:16:30.066+01:00  INFO 24616 --- [user-service] [           main] e.userservice.UserServiceApplication     : Starting UserServiceApplication using Java 17.0.18 with PID 24616 (C:\Users\chife\IdeaProjects\PIdev\PIdev\backend\user-service\target\classes started by chife in C:\Users\chife\IdeaProjects\PIdev\PIdev\backend\user-service)
2026-02-22T15:16:30.071+01:00  INFO 24616 --- [user-service] [           main] e.userservice.UserServiceApplication     : No active profile set, falling back to 1 default profile: "default"
2026-02-22T15:16:31.091+01:00  INFO 24616 --- [user-service] [           main] .s.d.r.c.RepositoryConfigurationDelegate : Bootstrapping Spring Data JPA repositories in DEFAULT mode.
2026-02-22T15:16:31.270+01:00  INFO 24616 --- [user-service] [           main] .s.d.r.c.RepositoryConfigurationDelegate : Finished Spring Data repository scanning in 168 ms. Found 1 JPA repository interface.
2026-02-22T15:16:31.525+01:00  INFO 24616 --- [user-service] [           main] o.s.cloud.context.scope.GenericScope     : BeanFactory id=6518bfb4-f550-3d27-bad5-93c6c82c25bd
2026-02-22T15:16:31.859+01:00  INFO 24616 --- [user-service] [           main] o.s.boot.tomcat.TomcatWebServer          : Tomcat initialized with port 8069 (http)
2026-02-22T15:16:31.871+01:00  INFO 24616 --- [user-service] [           main] o.apache.catalina.core.StandardService   : Starting service [Tomcat]
2026-02-22T15:16:31.871+01:00  INFO 24616 --- [user-service] [           main] o.apache.catalina.core.StandardEngine    : Starting Servlet engine: [Apache Tomcat/11.0.15]
2026-02-22T15:16:31.924+01:00  INFO 24616 --- [user-service] [           main] b.w.c.s.WebApplicationContextInitializer : Root WebApplicationContext: initialization completed in 1792 ms
2026-02-22T15:16:32.041+01:00  INFO 24616 --- [user-service] [           main] org.hibernate.orm.jpa                    : HHH008540: Processing PersistenceUnitInfo [name: default]
2026-02-22T15:16:32.111+01:00  INFO 24616 --- [user-service] [           main] org.hibernate.orm.core                   : HHH000001: Hibernate ORM core version 7.2.1.Final
2026-02-22T15:16:32.498+01:00  INFO 24616 --- [user-service] [           main] o.s.o.j.p.SpringPersistenceUnitInfo      : No LoadTimeWeaver setup: ignoring JPA class transformer
2026-02-22T15:16:32.530+01:00  INFO 24616 --- [user-service] [           main] com.zaxxer.hikari.HikariDataSource       : HikariPool-1 - Starting...
2026-02-22T15:16:32.661+01:00  INFO 24616 --- [user-service] [           main] com.zaxxer.hikari.pool.HikariPool        : HikariPool-1 - Added connection com.mysql.cj.jdbc.ConnectionImpl@771afdd5
2026-02-22T15:16:32.662+01:00  INFO 24616 --- [user-service] [           main] com.zaxxer.hikari.HikariDataSource       : HikariPool-1 - Start completed.
2026-02-22T15:16:32.707+01:00  WARN 24616 --- [user-service] [           main] org.hibernate.orm.core                   : HHH000511: The 5.5.5 version for [org.hibernate.dialect.MySQLDialect] is no longer supported, hence certain features may not work properly.The minimum supported version is 8.0.0. Check the community dialects project for available legacy versions.
2026-02-22T15:16:32.723+01:00  INFO 24616 --- [user-service] [           main] org.hibernate.orm.connections.pooling    : HHH10001005: Database info:
	Database JDBC URL [jdbc:mysql://localhost:3306/nephro_users_db]
	Database driver: MySQL Connector/J
	Database dialect: MySQLDialect
	Database version: 5.5.5
	Default catalog/schema: nephro_users_db/undefined
	Autocommit mode: undefined/unknown
	Isolation level: REPEATABLE_READ [default REPEATABLE_READ]
	JDBC fetch size: none
	Pool: DataSourceConnectionProvider
	Minimum pool size: undefined/unknown
	Maximum pool size: undefined/unknown
2026-02-22T15:16:33.373+01:00  INFO 24616 --- [user-service] [           main] org.hibernate.orm.core                   : HHH000489: No JTA platform available (set 'hibernate.transaction.jta.platform' to enable JTA platform integration)
2026-02-22T15:16:33.434+01:00  INFO 24616 --- [user-service] [           main] j.LocalContainerEntityManagerFactoryBean : Initialized JPA EntityManagerFactory for persistence unit 'default'
2026-02-22T15:16:33.489+01:00  WARN 24616 --- [user-service] [           main] JpaBaseConfiguration$JpaWebConfiguration : spring.jpa.open-in-view is enabled by default. Therefore, database queries may be performed during view rendering. Explicitly configure spring.jpa.open-in-view to disable this warning
2026-02-22T15:16:33.883+01:00  INFO 24616 --- [user-service] [           main] o.s.d.j.r.query.QueryEnhancerFactories   : Hibernate is in classpath; If applicable, HQL parser will be used.
2026-02-22T15:16:35.577+01:00  INFO 24616 --- [user-service] [           main] o.s.cloud.commons.util.InetUtils         : Cannot determine local hostname
2026-02-22T15:16:37.090+01:00  INFO 24616 --- [user-service] [           main] o.s.cloud.commons.util.InetUtils         : Cannot determine local hostname
2026-02-22T15:16:37.108+01:00  INFO 24616 --- [user-service] [           main] DiscoveryClientOptionalArgsConfiguration : Eureka HTTP Client uses RestClient.
2026-02-22T15:16:37.130+01:00  WARN 24616 --- [user-service] [           main] iguration$LoadBalancerCaffeineWarnLogger : Spring Cloud LoadBalancer is currently working with the default cache. While this cache implementation is useful for development and tests, it's recommended to use Caffeine cache in production.You can switch to using Caffeine cache, by adding it and org.springframework.cache.caffeine.CaffeineCacheManager to the classpath.
2026-02-22T15:16:37.145+01:00  INFO 24616 --- [user-service] [           main] o.s.c.n.eureka.InstanceInfoFactory       : Setting initial instance status as: STARTING
2026-02-22T15:16:37.162+01:00  INFO 24616 --- [user-service] [           main] com.netflix.discovery.DiscoveryClient    : Initializing Eureka in region us-east-1
2026-02-22T15:16:37.165+01:00  INFO 24616 --- [user-service] [           main] c.n.d.s.r.aws.ConfigClusterResolver      : Resolving eureka endpoints via configuration
2026-02-22T15:16:37.171+01:00  INFO 24616 --- [user-service] [           main] com.netflix.discovery.DiscoveryClient    : Disable delta property : false
2026-02-22T15:16:37.171+01:00  INFO 24616 --- [user-service] [           main] com.netflix.discovery.DiscoveryClient    : Single vip registry refresh property : null
2026-02-22T15:16:37.171+01:00  INFO 24616 --- [user-service] [           main] com.netflix.discovery.DiscoveryClient    : Force full registry fetch : false
2026-02-22T15:16:37.171+01:00  INFO 24616 --- [user-service] [           main] com.netflix.discovery.DiscoveryClient    : Application is null : false
2026-02-22T15:16:37.171+01:00  INFO 24616 --- [user-service] [           main] com.netflix.discovery.DiscoveryClient    : Registered Applications size is zero : true
2026-02-22T15:16:37.171+01:00  INFO 24616 --- [user-service] [           main] com.netflix.discovery.DiscoveryClient    : Application version is -1: true
2026-02-22T15:16:37.171+01:00  INFO 24616 --- [user-service] [           main] com.netflix.discovery.DiscoveryClient    : Getting all instance registry info from the eureka server
2026-02-22T15:16:37.417+01:00  INFO 24616 --- [user-service] [           main] com.netflix.discovery.DiscoveryClient    : The response status is 200
2026-02-22T15:16:37.418+01:00  INFO 24616 --- [user-service] [           main] com.netflix.discovery.DiscoveryClient    : Starting heartbeat executor: renew interval is: 30
2026-02-22T15:16:37.420+01:00  INFO 24616 --- [user-service] [           main] c.n.discovery.InstanceInfoReplicator     : InstanceInfoReplicator onDemand update allowed rate per min is 4
2026-02-22T15:16:37.421+01:00  INFO 24616 --- [user-service] [           main] com.netflix.discovery.DiscoveryClient    : Discovery Client initialized at timestamp 1771769797420 with initial instances count: 0
2026-02-22T15:16:37.423+01:00  INFO 24616 --- [user-service] [           main] o.s.c.n.e.s.EurekaServiceRegistry        : Registering application USER-SERVICE with eureka with status UP
2026-02-22T15:16:37.423+01:00  INFO 24616 --- [user-service] [           main] com.netflix.discovery.DiscoveryClient    : Saw local status change event StatusChangeEvent [timestamp=1771769797423, current=UP, previous=STARTING]
2026-02-22T15:16:37.425+01:00  INFO 24616 --- [user-service] [foReplicator-%d] com.netflix.discovery.DiscoveryClient    : DiscoveryClient_USER-SERVICE/localhost:user-service:8069: registering service...
2026-02-22T15:16:37.440+01:00  INFO 24616 --- [user-service] [           main] o.s.boot.tomcat.TomcatWebServer          : Tomcat started on port 8069 (http) with context path '/'
2026-02-22T15:16:37.440+01:00  INFO 24616 --- [user-service] [           main] .s.c.n.e.s.EurekaAutoServiceRegistration : Updating port to 8069
2026-02-22T15:16:37.454+01:00  INFO 24616 --- [user-service] [foReplicator-%d] com.netflix.discovery.DiscoveryClient    : DiscoveryClient_USER-SERVICE/localhost:user-service:8069 - registration status: 204
2026-02-22T15:16:38.889+01:00  INFO 24616 --- [user-service] [           main] o.s.cloud.commons.util.InetUtils         : Cannot determine local hostname
2026-02-22T15:16:38.911+01:00  INFO 24616 --- [user-service] [           main] e.userservice.UserServiceApplication     : Started UserServiceApplication in 11.361 seconds (process running for 11.986)
2026-02-22T15:17:07.430+01:00  INFO 24616 --- [user-service] [reshExecutor-%d] com.netflix.discovery.DiscoveryClient    : Disable delta property : false
2026-02-22T15:17:07.435+01:00  INFO 24616 --- [user-service] [reshExecutor-%d] com.netflix.discovery.DiscoveryClient    : Single vip registry refresh property : null
2026-02-22T15:17:07.435+01:00  INFO 24616 --- [user-service] [reshExecutor-%d] com.netflix.discovery.DiscoveryClient    : Force full registry fetch : false
2026-02-22T15:17:07.435+01:00  INFO 24616 --- [user-service] [reshExecutor-%d] com.netflix.discovery.DiscoveryClient    : Application is null : false
2026-02-22T15:17:07.436+01:00  INFO 24616 --- [user-service] [reshExecutor-%d] com.netflix.discovery.DiscoveryClient    : Registered Applications size is zero : true
2026-02-22T15:17:07.437+01:00  INFO 24616 --- [user-service] [reshExecutor-%d] com.netflix.discovery.DiscoveryClient    : Application version is -1: false
2026-02-22T15:17:07.438+01:00  INFO 24616 --- [user-service] [reshExecutor-%d] com.netflix.discovery.DiscoveryClient    : Getting all instance registry info from the eureka server
2026-02-22T15:17:07.453+01:00  INFO 24616 --- [user-service] [reshExecutor-%d] com.netflix.discovery.DiscoveryClient    : The response status is 200
2026-02-22T15:18:37.544+01:00  INFO 24616 --- [user-service] [beatExecutor-%d] com.netflix.discovery.DiscoveryClient    : DiscoveryClient_USER-SERVICE/localhost:user-service:8069 - Re-registering apps/USER-SERVICE
2026-02-22T15:18:37.545+01:00  INFO 24616 --- [user-service] [beatExecutor-%d] com.netflix.discovery.DiscoveryClient    : DiscoveryClient_USER-SERVICE/localhost:user-service:8069: registering service...
2026-02-22T15:18:37.547+01:00  INFO 24616 --- [user-service] [beatExecutor-%d] com.netflix.discovery.DiscoveryClient    : DiscoveryClient_USER-SERVICE/localhost:user-service:8069 - registration status: 204
2026-02-22T15:21:37.175+01:00  INFO 24616 --- [user-service] [rap-executor-%d] c.n.d.s.r.aws.ConfigClusterResolver      : Resolving eureka endpoints via configuration
[INFO] ------------------------------------------------------------------------
[INFO] BUILD FAILURE
[INFO] ------------------------------------------------------------------------
[INFO] Total time:  05:31 min
[INFO] Finished at: 2026-02-22T15:21:55+01:00
[INFO] ------------------------------------------------------------------------
[ERROR] Failed to execute goal org.springframework.boot:spring-boot-maven-plugin:4.0.2:run (default-cli) on project user-service: Process terminated with exit code: 1073807364 -> [Help 1]
[ERROR] 
[ERROR] To see the full stack trace of the errors, re-run Maven with the -e switch.
[ERROR] Re-run Maven using the -X switch to enable full debug logging.
[ERROR] 
[ERROR] For more information about the errors and possible solutions, please read the following articles:
[ERROR] [Help 1] http://cwiki.apache.org/confluence/display/MAVEN/MojoExecutionException
