[INFO] Scanning for projects...
[INFO] 
[INFO] ----------------------< esprit:clinical-service >-----------------------
[INFO] Building clinical-service 0.0.1-SNAPSHOT
[INFO]   from pom.xml
[INFO] --------------------------------[ jar ]---------------------------------
[INFO] 
[INFO] >>> spring-boot:3.2.5:run (default-cli) > test-compile @ clinical-service >>>
[INFO] 
[INFO] --- resources:3.3.1:resources (default-resources) @ clinical-service ---
[INFO] Copying 1 resource from src\main\resources to target\classes
[INFO] Copying 0 resource from src\main\resources to target\classes
[INFO] 
[INFO] --- compiler:3.11.0:compile (default-compile) @ clinical-service ---
[INFO] Nothing to compile - all classes are up to date
[INFO] 
[INFO] --- resources:3.3.1:testResources (default-testResources) @ clinical-service ---
[INFO] skip non existing resourceDirectory C:\Users\chife\IdeaProjects\PIdev\PIdev\backend\clinical\src\test\resources
[INFO] 
[INFO] --- compiler:3.11.0:testCompile (default-testCompile) @ clinical-service ---
[INFO] No sources to compile
[INFO] 
[INFO] <<< spring-boot:3.2.5:run (default-cli) < test-compile @ clinical-service <<<
[INFO] 
[INFO] 
[INFO] --- spring-boot:3.2.5:run (default-cli) @ clinical-service ---
[INFO] Attaching agents: []

  .   ____          _            __ _ _
 /\\ / ___'_ __ _ _(_)_ __  __ _ \ \ \ \
( ( )\___ | '_ | '_| | '_ \/ _` | \ \ \ \
 \\/  ___)| |_)| | | | | || (_| |  ) ) ) )
  '  |____| .__|_| |_|_| |_\__, | / / / /
 =========|_|==============|___/=/_/_/_/
 :: Spring Boot ::                (v3.2.5)

2026-02-22T14:49:20.596+01:00  INFO 23208 --- [clinical-service] [           main] e.c.ClinicalServiceApplication           : Starting ClinicalServiceApplication using Java 17.0.18 with PID 23208 (C:\Users\chife\IdeaProjects\PIdev\PIdev\backend\clinical\target\classes started by chife in C:\Users\chife\IdeaProjects\PIdev\PIdev\backend\clinical)
2026-02-22T14:49:20.599+01:00  INFO 23208 --- [clinical-service] [           main] e.c.ClinicalServiceApplication           : No active profile set, falling back to 1 default profile: "default"
2026-02-22T14:49:21.444+01:00  INFO 23208 --- [clinical-service] [           main] .s.d.r.c.RepositoryConfigurationDelegate : Bootstrapping Spring Data JPA repositories in DEFAULT mode.
2026-02-22T14:49:22.729+01:00  INFO 23208 --- [clinical-service] [           main] .s.d.r.c.RepositoryConfigurationDelegate : Finished Spring Data repository scanning in 1271 ms. Found 5 JPA repository interfaces.
2026-02-22T14:49:24.476+01:00  INFO 23208 --- [clinical-service] [           main] o.s.cloud.context.scope.GenericScope     : BeanFactory id=eda5eed6-c17c-32a4-a620-a13ee8aecb6f
2026-02-22T14:49:25.405+01:00  WARN 23208 --- [clinical-service] [           main] trationDelegate$BeanPostProcessorChecker : Bean 'org.springframework.cloud.client.loadbalancer.LoadBalancerAutoConfiguration$DeferringLoadBalancerInterceptorConfig' of type [org.springframework.cloud.client.loadbalancer.LoadBalancerAutoConfiguration$DeferringLoadBalancerInterceptorConfig] is not eligible for getting processed by all BeanPostProcessors (for example: not eligible for auto-proxying). The currently created BeanPostProcessor [lbRestClientPostProcessor] is declared through a non-static factory method on that class; consider declaring it as static instead.
2026-02-22T14:49:25.417+01:00  WARN 23208 --- [clinical-service] [           main] trationDelegate$BeanPostProcessorChecker : Bean 'deferringLoadBalancerInterceptor' of type [org.springframework.cloud.client.loadbalancer.DeferringLoadBalancerInterceptor] is not eligible for getting processed by all BeanPostProcessors (for example: not eligible for auto-proxying). Is this bean getting eagerly injected into a currently created BeanPostProcessor [lbRestClientPostProcessor]? Check the corresponding BeanPostProcessor declaration and its dependencies.
2026-02-22T14:49:27.218+01:00  INFO 23208 --- [clinical-service] [           main] o.s.b.w.embedded.tomcat.TomcatWebServer  : Tomcat initialized with port 8079 (http)
2026-02-22T14:49:27.286+01:00  INFO 23208 --- [clinical-service] [           main] o.apache.catalina.core.StandardService   : Starting service [Tomcat]
2026-02-22T14:49:27.288+01:00  INFO 23208 --- [clinical-service] [           main] o.apache.catalina.core.StandardEngine    : Starting Servlet engine: [Apache Tomcat/10.1.20]
2026-02-22T14:49:27.562+01:00  INFO 23208 --- [clinical-service] [           main] o.a.c.c.C.[Tomcat].[localhost].[/]       : Initializing Spring embedded WebApplicationContext
2026-02-22T14:49:27.574+01:00  INFO 23208 --- [clinical-service] [           main] w.s.c.ServletWebServerApplicationContext : Root WebApplicationContext: initialization completed in 6924 ms
2026-02-22T14:49:34.007+01:00  INFO 23208 --- [clinical-service] [           main] o.hibernate.jpa.internal.util.LogHelper  : HHH000204: Processing PersistenceUnitInfo [name: default]
2026-02-22T14:49:34.212+01:00  INFO 23208 --- [clinical-service] [           main] org.hibernate.Version                    : HHH000412: Hibernate ORM core version 6.4.4.Final
2026-02-22T14:49:34.356+01:00  INFO 23208 --- [clinical-service] [           main] o.h.c.internal.RegionFactoryInitiator    : HHH000026: Second-level cache disabled
2026-02-22T14:49:35.675+01:00  INFO 23208 --- [clinical-service] [           main] o.s.o.j.p.SpringPersistenceUnitInfo      : No LoadTimeWeaver setup: ignoring JPA class transformer
2026-02-22T14:49:35.777+01:00  INFO 23208 --- [clinical-service] [           main] com.zaxxer.hikari.HikariDataSource       : HikariPool-1 - Starting...
2026-02-22T14:49:36.990+01:00  INFO 23208 --- [clinical-service] [           main] com.zaxxer.hikari.pool.HikariPool        : HikariPool-1 - Added connection com.mysql.cj.jdbc.ConnectionImpl@166e5a6d
2026-02-22T14:49:36.992+01:00  INFO 23208 --- [clinical-service] [           main] com.zaxxer.hikari.HikariDataSource       : HikariPool-1 - Start completed.
2026-02-22T14:49:37.039+01:00  WARN 23208 --- [clinical-service] [           main] org.hibernate.orm.deprecation            : HHH90000025: MySQL8Dialect does not need to be specified explicitly using 'hibernate.dialect' (remove the property setting and it will be selected by default)
2026-02-22T14:49:37.042+01:00  WARN 23208 --- [clinical-service] [           main] org.hibernate.orm.deprecation            : HHH90000026: MySQL8Dialect has been deprecated; use org.hibernate.dialect.MySQLDialect instead
2026-02-22T14:49:40.676+01:00  INFO 23208 --- [clinical-service] [           main] o.h.e.t.j.p.i.JtaPlatformInitiator       : HHH000489: No JTA platform available (set 'hibernate.transaction.jta.platform' to enable JTA platform integration)
2026-02-22T14:49:41.051+01:00  INFO 23208 --- [clinical-service] [           main] j.LocalContainerEntityManagerFactoryBean : Initialized JPA EntityManagerFactory for persistence unit 'default'
2026-02-22T14:49:42.417+01:00  WARN 23208 --- [clinical-service] [           main] JpaBaseConfiguration$JpaWebConfiguration : spring.jpa.open-in-view is enabled by default. Therefore, database queries may be performed during view rendering. Explicitly configure spring.jpa.open-in-view to disable this warning
2026-02-22T14:49:47.496+01:00  INFO 23208 --- [clinical-service] [           main] o.s.cloud.commons.util.InetUtils         : Cannot determine local hostname
2026-02-22T14:49:50.613+01:00  INFO 23208 --- [clinical-service] [           main] o.s.cloud.commons.util.InetUtils         : Cannot determine local hostname
2026-02-22T14:49:50.661+01:00  INFO 23208 --- [clinical-service] [           main] DiscoveryClientOptionalArgsConfiguration : Eureka HTTP Client uses RestTemplate.
2026-02-22T14:49:50.741+01:00  WARN 23208 --- [clinical-service] [           main] iguration$LoadBalancerCaffeineWarnLogger : Spring Cloud LoadBalancer is currently working with the default cache. While this cache implementation is useful for development and tests, it's recommended to use Caffeine cache in production.You can switch to using Caffeine cache, by adding it and org.springframework.cache.caffeine.CaffeineCacheManager to the classpath.
2026-02-22T14:49:50.791+01:00  INFO 23208 --- [clinical-service] [           main] o.s.c.n.eureka.InstanceInfoFactory       : Setting initial instance status as: STARTING
2026-02-22T14:49:50.969+01:00  INFO 23208 --- [clinical-service] [           main] com.netflix.discovery.DiscoveryClient    : Initializing Eureka in region us-east-1
2026-02-22T14:49:50.978+01:00  INFO 23208 --- [clinical-service] [           main] c.n.d.s.r.aws.ConfigClusterResolver      : Resolving eureka endpoints via configuration
2026-02-22T14:49:51.062+01:00  INFO 23208 --- [clinical-service] [           main] com.netflix.discovery.DiscoveryClient    : Disable delta property : false
2026-02-22T14:49:51.064+01:00  INFO 23208 --- [clinical-service] [           main] com.netflix.discovery.DiscoveryClient    : Single vip registry refresh property : null
2026-02-22T14:49:51.066+01:00  INFO 23208 --- [clinical-service] [           main] com.netflix.discovery.DiscoveryClient    : Force full registry fetch : false
2026-02-22T14:49:51.066+01:00  INFO 23208 --- [clinical-service] [           main] com.netflix.discovery.DiscoveryClient    : Application is null : false
2026-02-22T14:49:51.067+01:00  INFO 23208 --- [clinical-service] [           main] com.netflix.discovery.DiscoveryClient    : Registered Applications size is zero : true
2026-02-22T14:49:51.068+01:00  INFO 23208 --- [clinical-service] [           main] com.netflix.discovery.DiscoveryClient    : Application version is -1: true
2026-02-22T14:49:51.068+01:00  INFO 23208 --- [clinical-service] [           main] com.netflix.discovery.DiscoveryClient    : Getting all instance registry info from the eureka server
2026-02-22T14:49:53.974+01:00  INFO 23208 --- [clinical-service] [           main] com.netflix.discovery.DiscoveryClient    : The response status is 200
2026-02-22T14:49:53.983+01:00  INFO 23208 --- [clinical-service] [           main] com.netflix.discovery.DiscoveryClient    : Starting heartbeat executor: renew interval is: 30
2026-02-22T14:49:53.989+01:00  INFO 23208 --- [clinical-service] [           main] c.n.discovery.InstanceInfoReplicator     : InstanceInfoReplicator onDemand update allowed rate per min is 4
2026-02-22T14:49:54.012+01:00  INFO 23208 --- [clinical-service] [           main] com.netflix.discovery.DiscoveryClient    : Discovery Client initialized at timestamp 1771768194006 with initial instances count: 0
2026-02-22T14:49:54.029+01:00  INFO 23208 --- [clinical-service] [           main] o.s.c.n.e.s.EurekaServiceRegistry        : Registering application CLINICAL-SERVICE with eureka with status UP
2026-02-22T14:49:54.033+01:00  INFO 23208 --- [clinical-service] [           main] com.netflix.discovery.DiscoveryClient    : Saw local status change event StatusChangeEvent [timestamp=1771768194033, current=UP, previous=STARTING]
2026-02-22T14:49:54.038+01:00  INFO 23208 --- [clinical-service] [nfoReplicator-0] com.netflix.discovery.DiscoveryClient    : DiscoveryClient_CLINICAL-SERVICE/localhost:clinical-service:8079: registering service...
2026-02-22T14:49:54.161+01:00  INFO 23208 --- [clinical-service] [           main] o.s.b.w.embedded.tomcat.TomcatWebServer  : Tomcat started on port 8079 (http) with context path ''
2026-02-22T14:49:54.171+01:00  INFO 23208 --- [clinical-service] [           main] .s.c.n.e.s.EurekaAutoServiceRegistration : Updating port to 8079
2026-02-22T14:49:54.210+01:00  INFO 23208 --- [clinical-service] [nfoReplicator-0] com.netflix.discovery.DiscoveryClient    : DiscoveryClient_CLINICAL-SERVICE/localhost:clinical-service:8079 - registration status: 204
2026-02-22T14:49:57.118+01:00  INFO 23208 --- [clinical-service] [           main] o.s.cloud.commons.util.InetUtils         : Cannot determine local hostname
2026-02-22T14:49:57.144+01:00  INFO 23208 --- [clinical-service] [           main] e.c.ClinicalServiceApplication           : Started ClinicalServiceApplication in 38.863 seconds (process running for 39.204)
Hibernate: 
    select
        tqi1_0.id,
        tqi1_0.assessment_id,
        tqi1_0.assigned_doctor_id,
        tqi1_0.completed_at,
        tqi1_0.created_at,
        tqi1_0.deadline_at,
        tqi1_0.last_escalation_at,
        tqi1_0.last_escalation_type,
        tqi1_0.manual_override,
        tqi1_0.max_wait_minutes,
        tqi1_0.override_reason,
        tqi1_0.priority_rank,
        tqi1_0.started_at,
        tqi1_0.status,
        tqi1_0.triage_level,
        tqi1_0.updated_at 
    from
        triage_queue_items tqi1_0 
    where
        tqi1_0.status=? 
        and tqi1_0.deadline_at<?
2026-02-22T14:50:20.508+01:00  INFO 23208 --- [clinical-service] [nio-8079-exec-1] o.a.c.c.C.[Tomcat].[localhost].[/]       : Initializing Spring DispatcherServlet 'dispatcherServlet'
2026-02-22T14:50:20.509+01:00  INFO 23208 --- [clinical-service] [nio-8079-exec-1] o.s.web.servlet.DispatcherServlet        : Initializing Servlet 'dispatcherServlet'
2026-02-22T14:50:20.510+01:00  INFO 23208 --- [clinical-service] [nio-8079-exec-1] o.s.web.servlet.DispatcherServlet        : Completed initialization in 1 ms
Hibernate: 
    select
        c1_0.id,
        c1_0.consultation_date,
        c1_0.diagnosis,
        c1_0.doctor_id,
        c1_0.follow_up_date,
        c1_0.medical_history_id,
        c1_0.patient_id,
        c1_0.status,
        c1_0.treatment_plan 
    from
        consultations c1_0
2026-02-22T14:50:23.988+01:00  INFO 23208 --- [clinical-service] [freshExecutor-0] com.netflix.discovery.DiscoveryClient    : Disable delta property : false
2026-02-22T14:50:23.991+01:00  INFO 23208 --- [clinical-service] [freshExecutor-0] com.netflix.discovery.DiscoveryClient    : Single vip registry refresh property : null
2026-02-22T14:50:23.993+01:00  INFO 23208 --- [clinical-service] [freshExecutor-0] com.netflix.discovery.DiscoveryClient    : Force full registry fetch : false
2026-02-22T14:50:23.994+01:00  INFO 23208 --- [clinical-service] [freshExecutor-0] com.netflix.discovery.DiscoveryClient    : Application is null : false
2026-02-22T14:50:23.994+01:00  INFO 23208 --- [clinical-service] [freshExecutor-0] com.netflix.discovery.DiscoveryClient    : Registered Applications size is zero : true
2026-02-22T14:50:23.994+01:00  INFO 23208 --- [clinical-service] [freshExecutor-0] com.netflix.discovery.DiscoveryClient    : Application version is -1: false
2026-02-22T14:50:23.994+01:00  INFO 23208 --- [clinical-service] [freshExecutor-0] com.netflix.discovery.DiscoveryClient    : Getting all instance registry info from the eureka server
2026-02-22T14:50:24.010+01:00  INFO 23208 --- [clinical-service] [freshExecutor-0] com.netflix.discovery.DiscoveryClient    : The response status is 200
Hibernate: 
    select
        tqi1_0.id,
        tqi1_0.assessment_id,
        tqi1_0.assigned_doctor_id,
        tqi1_0.completed_at,
        tqi1_0.created_at,
        tqi1_0.deadline_at,
        tqi1_0.last_escalation_at,
        tqi1_0.last_escalation_type,
        tqi1_0.manual_override,
        tqi1_0.max_wait_minutes,
        tqi1_0.override_reason,
        tqi1_0.priority_rank,
        tqi1_0.started_at,
        tqi1_0.status,
        tqi1_0.triage_level,
        tqi1_0.updated_at 
    from
        triage_queue_items tqi1_0 
    where
        tqi1_0.status=? 
        and tqi1_0.deadline_at<?
[INFO] ------------------------------------------------------------------------
[INFO] BUILD FAILURE
[INFO] ------------------------------------------------------------------------
[INFO] Total time:  02:43 min
[INFO] Finished at: 2026-02-22T14:51:52+01:00
[INFO] ------------------------------------------------------------------------
[ERROR] Failed to execute goal org.springframework.boot:spring-boot-maven-plugin:3.2.5:run (default-cli) on project clinical-service: Process terminated with exit code: -1 -> [Help 1]
[ERROR] 
[ERROR] To see the full stack trace of the errors, re-run Maven with the -e switch.
[ERROR] Re-run Maven using the -X switch to enable full debug logging.
[ERROR] 
[ERROR] For more information about the errors and possible solutions, please read the following articles:
[ERROR] [Help 1] http://cwiki.apache.org/confluence/display/MAVEN/MojoExecutionException
